{"/Users/samvelsukiasian/Desktop/Спейсбу/spaceboo/App.ts": {"path":"/Users/samvelsukiasian/Desktop/Спейсбу/spaceboo/App.ts","statementMap":{"0":{"start":{"line":1,"column":0},"end":{"line":1,"column":35}},"1":{"start":{"line":2,"column":0},"end":{"line":2,"column":49}},"2":{"start":{"line":4,"column":0},"end":{"line":4,"column":33}},"3":{"start":{"line":5,"column":0},"end":{"line":5,"column":60}},"4":{"start":{"line":6,"column":0},"end":{"line":6,"column":62}},"5":{"start":{"line":7,"column":0},"end":{"line":7,"column":60}},"6":{"start":{"line":8,"column":0},"end":{"line":8,"column":74}},"7":{"start":{"line":9,"column":0},"end":{"line":9,"column":42}},"8":{"start":{"line":10,"column":0},"end":{"line":10,"column":67}},"9":{"start":{"line":11,"column":0},"end":{"line":11,"column":64}},"10":{"start":{"line":12,"column":0},"end":{"line":12,"column":43}},"11":{"start":{"line":13,"column":0},"end":{"line":13,"column":45}},"12":{"start":{"line":14,"column":0},"end":{"line":14,"column":82}},"13":{"start":{"line":15,"column":0},"end":{"line":15,"column":43}},"14":{"start":{"line":16,"column":0},"end":{"line":16,"column":43}},"15":{"start":{"line":17,"column":0},"end":{"line":17,"column":57}},"16":{"start":{"line":19,"column":0},"end":{"line":19,"column":16}},"17":{"start":{"line":22,"column":20},"end":{"line":22,"column":53}},"18":{"start":{"line":23,"column":21},"end":{"line":23,"column":69}},"19":{"start":{"line":24,"column":20},"end":{"line":32,"column":7}},"20":{"start":{"line":36,"column":8},"end":{"line":36,"column":54}},"21":{"start":{"line":37,"column":8},"end":{"line":37,"column":47}},"22":{"start":{"line":38,"column":8},"end":{"line":38,"column":63}},"23":{"start":{"line":39,"column":8},"end":{"line":39,"column":50}},"24":{"start":{"line":40,"column":8},"end":{"line":40,"column":49}},"25":{"start":{"line":41,"column":8},"end":{"line":41,"column":52}},"26":{"start":{"line":42,"column":8},"end":{"line":42,"column":64}},"27":{"start":{"line":43,"column":8},"end":{"line":43,"column":44}},"28":{"start":{"line":49,"column":8},"end":{"line":49,"column":48}},"29":{"start":{"line":21,"column":0},"end":{"line":21,"column":13}},"30":{"start":{"line":53,"column":13},"end":{"line":53,"column":86}},"31":{"start":{"line":55,"column":0},"end":{"line":55,"column":36}},"32":{"start":{"line":56,"column":0},"end":{"line":56,"column":35}},"33":{"start":{"line":58,"column":13},"end":{"line":58,"column":43}}},"fnMap":{"0":{"name":"(anonymous_0)","decl":{"start":{"line":21,"column":0},"end":{"line":21,"column":13}},"loc":{"start":{"line":21,"column":0},"end":{"line":51,"column":1}}},"1":{"name":"(anonymous_1)","decl":{"start":{"line":34,"column":11},"end":{"line":34,"column":23}},"loc":{"start":{"line":34,"column":23},"end":{"line":44,"column":5}}},"2":{"name":"(anonymous_2)","decl":{"start":{"line":46,"column":11},"end":{"line":46,"column":24}},"loc":{"start":{"line":46,"column":24},"end":{"line":50,"column":5}}}},"branchMap":{"0":{"loc":{"start":{"line":26,"column":14},"end":{"line":26,"column":45}},"type":"binary-expr","locations":[{"start":{"line":26,"column":14},"end":{"line":26,"column":30}},{"start":{"line":26,"column":34},"end":{"line":26,"column":45}}]},"1":{"loc":{"start":{"line":27,"column":14},"end":{"line":27,"column":68}},"type":"binary-expr","locations":[{"start":{"line":27,"column":14},"end":{"line":27,"column":60}},{"start":{"line":27,"column":64},"end":{"line":27,"column":68}}]},"2":{"loc":{"start":{"line":28,"column":18},"end":{"line":28,"column":61}},"type":"binary-expr","locations":[{"start":{"line":28,"column":18},"end":{"line":28,"column":47}},{"start":{"line":28,"column":51},"end":{"line":28,"column":61}}]},"3":{"loc":{"start":{"line":29,"column":18},"end":{"line":29,"column":61}},"type":"binary-expr","locations":[{"start":{"line":29,"column":18},"end":{"line":29,"column":47}},{"start":{"line":29,"column":51},"end":{"line":29,"column":61}}]},"4":{"loc":{"start":{"line":30,"column":18},"end":{"line":30,"column":57}},"type":"binary-expr","locations":[{"start":{"line":30,"column":18},"end":{"line":30,"column":43}},{"start":{"line":30,"column":47},"end":{"line":30,"column":57}}]}},"s":{"0":4,"1":4,"2":4,"3":4,"4":4,"5":4,"6":4,"7":4,"8":4,"9":4,"10":4,"11":4,"12":4,"13":4,"14":4,"15":4,"16":4,"17":4,"18":4,"19":4,"20":8,"21":8,"22":8,"23":8,"24":8,"25":8,"26":8,"27":8,"28":8,"29":4,"30":4,"31":4,"32":4,"33":4},"f":{"0":4,"1":8,"2":8},"b":{"0":[4,4],"1":[4,0],"2":[4,0],"3":[4,0],"4":[4,0]}}
,"/Users/samvelsukiasian/Desktop/Спейсбу/spaceboo/__tests__/lib.ts": {"path":"/Users/samvelsukiasian/Desktop/Спейсбу/spaceboo/__tests__/lib.ts","statementMap":{"0":{"start":{"line":2,"column":0},"end":{"line":2,"column":31}},"1":{"start":{"line":3,"column":0},"end":{"line":3,"column":36}},"2":{"start":{"line":4,"column":0},"end":{"line":4,"column":33}},"3":{"start":{"line":6,"column":0},"end":{"line":6,"column":37}},"4":{"start":{"line":8,"column":0},"end":{"line":8,"column":50}},"5":{"start":{"line":9,"column":0},"end":{"line":9,"column":54}},"6":{"start":{"line":10,"column":0},"end":{"line":10,"column":33}},"7":{"start":{"line":11,"column":0},"end":{"line":11,"column":59}},"8":{"start":{"line":12,"column":0},"end":{"line":12,"column":64}},"9":{"start":{"line":13,"column":0},"end":{"line":13,"column":51}},"10":{"start":{"line":15,"column":0},"end":{"line":15,"column":39}},"11":{"start":{"line":17,"column":27},"end":{"line":21,"column":1}},"12":{"start":{"line":18,"column":4},"end":{"line":20,"column":7}},"13":{"start":{"line":19,"column":8},"end":{"line":19,"column":48}},"14":{"start":{"line":17,"column":13},"end":{"line":17,"column":27}},"15":{"start":{"line":23,"column":23},"end":{"line":25,"column":1}},"16":{"start":{"line":24,"column":4},"end":{"line":24,"column":33}},"17":{"start":{"line":23,"column":13},"end":{"line":23,"column":23}},"18":{"start":{"line":27,"column":27},"end":{"line":29,"column":1}},"19":{"start":{"line":28,"column":4},"end":{"line":28,"column":25}},"20":{"start":{"line":27,"column":13},"end":{"line":27,"column":27}},"21":{"start":{"line":31,"column":23},"end":{"line":34,"column":1}},"22":{"start":{"line":32,"column":4},"end":{"line":32,"column":28}},"23":{"start":{"line":33,"column":4},"end":{"line":33,"column":49}},"24":{"start":{"line":31,"column":13},"end":{"line":31,"column":23}},"25":{"start":{"line":36,"column":23},"end":{"line":44,"column":1}},"26":{"start":{"line":37,"column":4},"end":{"line":43,"column":6}},"27":{"start":{"line":39,"column":12},"end":{"line":41,"column":null}},"28":{"start":{"line":40,"column":16},"end":{"line":40,"column":71}},"29":{"start":{"line":36,"column":13},"end":{"line":36,"column":23}},"30":{"start":{"line":46,"column":41},"end":{"line":48,"column":1}},"31":{"start":{"line":47,"column":4},"end":{"line":47,"column":62}},"32":{"start":{"line":46,"column":13},"end":{"line":46,"column":41}},"33":{"start":{"line":50,"column":30},"end":{"line":58,"column":1}},"34":{"start":{"line":51,"column":4},"end":{"line":57,"column":6}},"35":{"start":{"line":50,"column":13},"end":{"line":50,"column":30}},"36":{"start":{"line":60,"column":37},"end":{"line":72,"column":1}},"37":{"start":{"line":61,"column":4},"end":{"line":71,"column":6}},"38":{"start":{"line":60,"column":13},"end":{"line":60,"column":37}},"39":{"start":{"line":74,"column":44},"end":{"line":85,"column":1}},"40":{"start":{"line":80,"column":4},"end":{"line":84,"column":null}},"41":{"start":{"line":81,"column":8},"end":{"line":81,"column":37}},"42":{"start":{"line":83,"column":8},"end":{"line":83,"column":52}},"43":{"start":{"line":74,"column":13},"end":{"line":74,"column":44}},"44":{"start":{"line":87,"column":31},"end":{"line":99,"column":1}},"45":{"start":{"line":88,"column":4},"end":{"line":98,"column":6}},"46":{"start":{"line":87,"column":13},"end":{"line":87,"column":31}},"47":{"start":{"line":101,"column":37},"end":{"line":103,"column":1}},"48":{"start":{"line":102,"column":4},"end":{"line":102,"column":48}},"49":{"start":{"line":105,"column":32},"end":{"line":119,"column":1}},"50":{"start":{"line":106,"column":17},"end":{"line":106,"column":39}},"51":{"start":{"line":107,"column":17},"end":{"line":107,"column":35}},"52":{"start":{"line":108,"column":18},"end":{"line":108,"column":67}},"53":{"start":{"line":109,"column":16},"end":{"line":109,"column":60}},"54":{"start":{"line":110,"column":18},"end":{"line":110,"column":63}},"55":{"start":{"line":111,"column":20},"end":{"line":111,"column":67}},"56":{"start":{"line":112,"column":20},"end":{"line":112,"column":67}},"57":{"start":{"line":113,"column":28},"end":{"line":113,"column":57}},"58":{"start":{"line":114,"column":4},"end":{"line":114,"column":61}},"59":{"start":{"line":116,"column":4},"end":{"line":118,"column":8}},"60":{"start":{"line":105,"column":13},"end":{"line":105,"column":32}},"61":{"start":{"line":121,"column":34},"end":{"line":131,"column":1}},"62":{"start":{"line":122,"column":22},"end":{"line":122,"column":41}},"63":{"start":{"line":124,"column":4},"end":{"line":130,"column":null}},"64":{"start":{"line":126,"column":12},"end":{"line":126,"column":85}},"65":{"start":{"line":129,"column":12},"end":{"line":129,"column":95}},"66":{"start":{"line":121,"column":13},"end":{"line":121,"column":34}},"67":{"start":{"line":133,"column":27},"end":{"line":142,"column":1}},"68":{"start":{"line":134,"column":4},"end":{"line":134,"column":40}},"69":{"start":{"line":135,"column":4},"end":{"line":135,"column":39}},"70":{"start":{"line":136,"column":4},"end":{"line":136,"column":49}},"71":{"start":{"line":137,"column":19},"end":{"line":137,"column":55}},"72":{"start":{"line":139,"column":4},"end":{"line":141,"column":6}},"73":{"start":{"line":133,"column":13},"end":{"line":133,"column":27}},"74":{"start":{"line":144,"column":28},"end":{"line":147,"column":1}},"75":{"start":{"line":145,"column":4},"end":{"line":145,"column":29}},"76":{"start":{"line":146,"column":4},"end":{"line":146,"column":30}},"77":{"start":{"line":144,"column":13},"end":{"line":144,"column":28}}},"fnMap":{"0":{"name":"(anonymous_0)","decl":{"start":{"line":17,"column":27},"end":{"line":17,"column":28}},"loc":{"start":{"line":17,"column":60},"end":{"line":21,"column":1}}},"1":{"name":"(anonymous_1)","decl":{"start":{"line":18,"column":40},"end":{"line":18,"column":43}},"loc":{"start":{"line":18,"column":45},"end":{"line":20,"column":5}}},"2":{"name":"(anonymous_2)","decl":{"start":{"line":23,"column":23},"end":{"line":23,"column":28}},"loc":{"start":{"line":23,"column":69},"end":{"line":25,"column":1}}},"3":{"name":"(anonymous_3)","decl":{"start":{"line":27,"column":27},"end":{"line":27,"column":32}},"loc":{"start":{"line":27,"column":64},"end":{"line":29,"column":1}}},"4":{"name":"(anonymous_4)","decl":{"start":{"line":31,"column":23},"end":{"line":31,"column":28}},"loc":{"start":{"line":31,"column":69},"end":{"line":34,"column":1}}},"5":{"name":"(anonymous_5)","decl":{"start":{"line":36,"column":23},"end":{"line":36,"column":24}},"loc":{"start":{"line":36,"column":54},"end":{"line":44,"column":1}}},"6":{"name":"(anonymous_6)","decl":{"start":{"line":38,"column":44},"end":{"line":38,"column":49}},"loc":{"start":{"line":38,"column":60},"end":{"line":42,"column":9}}},"7":{"name":"(anonymous_7)","decl":{"start":{"line":46,"column":41},"end":{"line":46,"column":57}},"loc":{"start":{"line":46,"column":59},"end":{"line":48,"column":1}}},"8":{"name":"(anonymous_8)","decl":{"start":{"line":50,"column":30},"end":{"line":50,"column":46}},"loc":{"start":{"line":50,"column":48},"end":{"line":58,"column":1}}},"9":{"name":"(anonymous_9)","decl":{"start":{"line":60,"column":37},"end":{"line":60,"column":48}},"loc":{"start":{"line":60,"column":50},"end":{"line":72,"column":1}}},"10":{"name":"(anonymous_10)","decl":{"start":{"line":74,"column":44},"end":{"line":74,"column":49}},"loc":{"start":{"line":79,"column":19},"end":{"line":85,"column":1}}},"11":{"name":"(anonymous_11)","decl":{"start":{"line":87,"column":31},"end":{"line":87,"column":32}},"loc":{"start":{"line":87,"column":80},"end":{"line":99,"column":1}}},"12":{"name":"(anonymous_12)","decl":{"start":{"line":101,"column":37},"end":{"line":101,"column":38}},"loc":{"start":{"line":101,"column":47},"end":{"line":103,"column":1}}},"13":{"name":"(anonymous_13)","decl":{"start":{"line":105,"column":32},"end":{"line":105,"column":33}},"loc":{"start":{"line":105,"column":83},"end":{"line":119,"column":1}}},"14":{"name":"(anonymous_14)","decl":{"start":{"line":121,"column":34},"end":{"line":121,"column":39}},"loc":{"start":{"line":121,"column":86},"end":{"line":131,"column":1}}},"15":{"name":"(anonymous_15)","decl":{"start":{"line":133,"column":27},"end":{"line":133,"column":32}},"loc":{"start":{"line":133,"column":99},"end":{"line":142,"column":1}}},"16":{"name":"(anonymous_16)","decl":{"start":{"line":144,"column":28},"end":{"line":144,"column":33}},"loc":{"start":{"line":144,"column":87},"end":{"line":147,"column":1}}}},"branchMap":{"0":{"loc":{"start":{"line":39,"column":12},"end":{"line":41,"column":null}},"type":"if","locations":[{"start":{"line":39,"column":12},"end":{"line":41,"column":null}},{"start":{"line":39,"column":12},"end":{"line":41,"column":null}}]},"1":{"loc":{"start":{"line":102,"column":11},"end":{"line":102,"column":47}},"type":"cond-expr","locations":[{"start":{"line":102,"column":23},"end":{"line":102,"column":33}},{"start":{"line":102,"column":36},"end":{"line":102,"column":47}}]},"2":{"loc":{"start":{"line":124,"column":4},"end":{"line":130,"column":null}},"type":"switch","locations":[{"start":{"line":125,"column":8},"end":{"line":126,"column":85}},{"start":{"line":128,"column":8},"end":{"line":129,"column":95}}]}},"s":{"0":4,"1":4,"2":4,"3":4,"4":4,"5":4,"6":4,"7":4,"8":4,"9":4,"10":4,"11":4,"12":4,"13":2,"14":4,"15":4,"16":4,"17":4,"18":4,"19":4,"20":4,"21":4,"22":4,"23":4,"24":4,"25":4,"26":21,"27":105,"28":84,"29":4,"30":4,"31":4,"32":4,"33":4,"34":22,"35":4,"36":4,"37":1,"38":4,"39":4,"40":8,"41":8,"42":8,"43":4,"44":4,"45":9,"46":4,"47":4,"48":20,"49":4,"50":4,"51":4,"52":4,"53":4,"54":4,"55":4,"56":4,"57":4,"58":4,"59":4,"60":4,"61":4,"62":0,"63":0,"64":0,"65":0,"66":4,"67":4,"68":4,"69":4,"70":4,"71":4,"72":4,"73":4,"74":4,"75":4,"76":4,"77":4},"f":{"0":4,"1":2,"2":4,"3":4,"4":4,"5":21,"6":105,"7":4,"8":22,"9":1,"10":8,"11":9,"12":20,"13":4,"14":0,"15":4,"16":4},"b":{"0":[84,21],"1":[8,12],"2":[0,0]}}
,"/Users/samvelsukiasian/Desktop/Спейсбу/spaceboo/configurations/dao.config.ts": {"path":"/Users/samvelsukiasian/Desktop/Спейсбу/spaceboo/configurations/dao.config.ts","statementMap":{"0":{"start":{"line":1,"column":0},"end":{"line":1,"column":47}},"1":{"start":{"line":7,"column":8},"end":{"line":7,"column":71}},"2":{"start":{"line":3,"column":0},"end":{"line":3,"column":22}}},"fnMap":{"0":{"name":"(anonymous_0)","decl":{"start":{"line":6,"column":4},"end":{"line":6,"column":9}},"loc":{"start":{"line":6,"column":45},"end":{"line":8,"column":5}}}},"branchMap":{"0":{"loc":{"start":{"line":6,"column":35},"end":{"line":6,"column":45}},"type":"default-arg","locations":[{"start":{"line":6,"column":41},"end":{"line":6,"column":45}}]}},"s":{"0":4,"1":0,"2":4},"f":{"0":0},"b":{"0":[0]}}
,"/Users/samvelsukiasian/Desktop/Спейсбу/spaceboo/configurations/passport.config.ts": {"path":"/Users/samvelsukiasian/Desktop/Спейсбу/spaceboo/configurations/passport.config.ts","statementMap":{"0":{"start":{"line":1,"column":0},"end":{"line":1,"column":37}},"1":{"start":{"line":3,"column":0},"end":{"line":3,"column":65}},"2":{"start":{"line":4,"column":0},"end":{"line":4,"column":59}},"3":{"start":{"line":5,"column":0},"end":{"line":5,"column":67}},"4":{"start":{"line":6,"column":0},"end":{"line":6,"column":75}},"5":{"start":{"line":7,"column":0},"end":{"line":7,"column":55}},"6":{"start":{"line":8,"column":0},"end":{"line":8,"column":42}},"7":{"start":{"line":9,"column":0},"end":{"line":9,"column":65}},"8":{"start":{"line":10,"column":0},"end":{"line":10,"column":56}},"9":{"start":{"line":11,"column":0},"end":{"line":11,"column":46}},"10":{"start":{"line":12,"column":0},"end":{"line":12,"column":39}},"11":{"start":{"line":13,"column":0},"end":{"line":13,"column":80}},"12":{"start":{"line":17,"column":21},"end":{"line":17,"column":66}},"13":{"start":{"line":18,"column":21},"end":{"line":18,"column":51}},"14":{"start":{"line":19,"column":12},"end":{"line":19,"column":48}},"15":{"start":{"line":22,"column":8},"end":{"line":22,"column":42}},"16":{"start":{"line":26,"column":8},"end":{"line":51,"column":10}},"17":{"start":{"line":30,"column":20},"end":{"line":48,"column":null}},"18":{"start":{"line":32,"column":24},"end":{"line":32,"column":114}},"19":{"start":{"line":34,"column":24},"end":{"line":36,"column":null}},"20":{"start":{"line":35,"column":28},"end":{"line":35,"column":53}},"21":{"start":{"line":38,"column":24},"end":{"line":40,"column":null}},"22":{"start":{"line":39,"column":28},"end":{"line":39,"column":46}},"23":{"start":{"line":42,"column":24},"end":{"line":42,"column":93}},"24":{"start":{"line":44,"column":24},"end":{"line":44,"column":59}},"25":{"start":{"line":46,"column":24},"end":{"line":46,"column":34}},"26":{"start":{"line":47,"column":24},"end":{"line":47,"column":80}},"27":{"start":{"line":53,"column":8},"end":{"line":68,"column":10}},"28":{"start":{"line":61,"column":20},"end":{"line":65,"column":27}},"29":{"start":{"line":64,"column":28},"end":{"line":64,"column":50}},"30":{"start":{"line":70,"column":8},"end":{"line":86,"column":10}},"31":{"start":{"line":78,"column":20},"end":{"line":83,"column":37}},"32":{"start":{"line":81,"column":28},"end":{"line":81,"column":45}},"33":{"start":{"line":88,"column":8},"end":{"line":102,"column":10}},"34":{"start":{"line":97,"column":20},"end":{"line":99,"column":23}},"35":{"start":{"line":98,"column":24},"end":{"line":98,"column":48}},"36":{"start":{"line":104,"column":8},"end":{"line":129,"column":10}},"37":{"start":{"line":113,"column":20},"end":{"line":126,"column":null}},"38":{"start":{"line":114,"column":37},"end":{"line":114,"column":108}},"39":{"start":{"line":115,"column":24},"end":{"line":115,"column":56}},"40":{"start":{"line":117,"column":24},"end":{"line":121,"column":null}},"41":{"start":{"line":118,"column":28},"end":{"line":118,"column":63}},"42":{"start":{"line":120,"column":28},"end":{"line":120,"column":53}},"43":{"start":{"line":123,"column":24},"end":{"line":123,"column":53}},"44":{"start":{"line":125,"column":24},"end":{"line":125,"column":48}},"45":{"start":{"line":133,"column":8},"end":{"line":135,"column":11}},"46":{"start":{"line":134,"column":12},"end":{"line":134,"column":32}},"47":{"start":{"line":137,"column":8},"end":{"line":144,"column":11}},"48":{"start":{"line":138,"column":12},"end":{"line":143,"column":null}},"49":{"start":{"line":139,"column":29},"end":{"line":139,"column":70}},"50":{"start":{"line":140,"column":16},"end":{"line":140,"column":33}},"51":{"start":{"line":142,"column":16},"end":{"line":142,"column":26}},"52":{"start":{"line":16,"column":0},"end":{"line":16,"column":13}},"53":{"start":{"line":148,"column":13},"end":{"line":148,"column":87}}},"fnMap":{"0":{"name":"(anonymous_0)","decl":{"start":{"line":16,"column":0},"end":{"line":16,"column":13}},"loc":{"start":{"line":16,"column":0},"end":{"line":146,"column":1}}},"1":{"name":"(anonymous_1)","decl":{"start":{"line":21,"column":11},"end":{"line":21,"column":29}},"loc":{"start":{"line":21,"column":29},"end":{"line":23,"column":5}}},"2":{"name":"(anonymous_2)","decl":{"start":{"line":25,"column":11},"end":{"line":25,"column":28}},"loc":{"start":{"line":25,"column":28},"end":{"line":130,"column":5}}},"3":{"name":"(anonymous_3)","decl":{"start":{"line":29,"column":16},"end":{"line":29,"column":21}},"loc":{"start":{"line":29,"column":48},"end":{"line":49,"column":17}}},"4":{"name":"(anonymous_4)","decl":{"start":{"line":60,"column":16},"end":{"line":60,"column":21}},"loc":{"start":{"line":60,"column":70},"end":{"line":66,"column":17}}},"5":{"name":"(anonymous_5)","decl":{"start":{"line":63,"column":30},"end":{"line":63,"column":40}},"loc":{"start":{"line":63,"column":61},"end":{"line":65,"column":25}}},"6":{"name":"myVerifyCallbackFn","decl":{"start":{"line":77,"column":25},"end":{"line":77,"column":43}},"loc":{"start":{"line":77,"column":92},"end":{"line":84,"column":17}}},"7":{"name":"(anonymous_7)","decl":{"start":{"line":80,"column":30},"end":{"line":80,"column":40}},"loc":{"start":{"line":80,"column":44},"end":{"line":82,"column":25}}},"8":{"name":"(anonymous_8)","decl":{"start":{"line":96,"column":16},"end":{"line":96,"column":26}},"loc":{"start":{"line":96,"column":66},"end":{"line":100,"column":17}}},"9":{"name":"(anonymous_9)","decl":{"start":{"line":97,"column":97},"end":{"line":97,"column":107}},"loc":{"start":{"line":97,"column":111},"end":{"line":99,"column":21}}},"10":{"name":"(anonymous_10)","decl":{"start":{"line":112,"column":16},"end":{"line":112,"column":21}},"loc":{"start":{"line":112,"column":44},"end":{"line":127,"column":17}}},"11":{"name":"(anonymous_11)","decl":{"start":{"line":132,"column":11},"end":{"line":132,"column":28}},"loc":{"start":{"line":132,"column":28},"end":{"line":145,"column":5}}},"12":{"name":"(anonymous_12)","decl":{"start":{"line":133,"column":36},"end":{"line":133,"column":37}},"loc":{"start":{"line":133,"column":67},"end":{"line":135,"column":9}}},"13":{"name":"(anonymous_13)","decl":{"start":{"line":137,"column":38},"end":{"line":137,"column":43}},"loc":{"start":{"line":137,"column":75},"end":{"line":144,"column":9}}}},"branchMap":{"0":{"loc":{"start":{"line":34,"column":24},"end":{"line":36,"column":null}},"type":"if","locations":[{"start":{"line":34,"column":24},"end":{"line":36,"column":null}},{"start":{"line":34,"column":24},"end":{"line":36,"column":null}}]},"1":{"loc":{"start":{"line":38,"column":24},"end":{"line":40,"column":null}},"type":"if","locations":[{"start":{"line":38,"column":24},"end":{"line":40,"column":null}},{"start":{"line":38,"column":24},"end":{"line":40,"column":null}}]},"2":{"loc":{"start":{"line":117,"column":24},"end":{"line":121,"column":null}},"type":"if","locations":[{"start":{"line":117,"column":24},"end":{"line":121,"column":null}},{"start":{"line":117,"column":24},"end":{"line":121,"column":null}}]}},"s":{"0":4,"1":4,"2":4,"3":4,"4":4,"5":4,"6":4,"7":4,"8":4,"9":4,"10":4,"11":4,"12":4,"13":4,"14":4,"15":8,"16":8,"17":2,"18":2,"19":2,"20":1,"21":1,"22":0,"23":1,"24":1,"25":1,"26":1,"27":8,"28":0,"29":0,"30":8,"31":0,"32":0,"33":8,"34":0,"35":0,"36":8,"37":0,"38":0,"39":0,"40":0,"41":0,"42":0,"43":0,"44":0,"45":0,"46":0,"47":0,"48":0,"49":0,"50":0,"51":0,"52":4,"53":4},"f":{"0":4,"1":8,"2":8,"3":2,"4":0,"5":0,"6":0,"7":0,"8":0,"9":0,"10":0,"11":0,"12":0,"13":0},"b":{"0":[1,1],"1":[0,1],"2":[0,0]}}
,"/Users/samvelsukiasian/Desktop/Спейсбу/spaceboo/controllers/appointment.controller.ts": {"path":"/Users/samvelsukiasian/Desktop/Спейсбу/spaceboo/controllers/appointment.controller.ts","statementMap":{"0":{"start":{"line":1,"column":0},"end":{"line":1,"column":33}},"1":{"start":{"line":2,"column":0},"end":{"line":2,"column":65}},"2":{"start":{"line":3,"column":0},"end":{"line":3,"column":51}},"3":{"start":{"line":4,"column":0},"end":{"line":4,"column":62}},"4":{"start":{"line":5,"column":0},"end":{"line":5,"column":101}},"5":{"start":{"line":7,"column":0},"end":{"line":7,"column":16}},"6":{"start":{"line":10,"column":21},"end":{"line":10,"column":76}},"7":{"start":{"line":12,"column":11},"end":{"line":18,"column":7}},"8":{"start":{"line":13,"column":44},"end":{"line":13,"column":52}},"9":{"start":{"line":14,"column":23},"end":{"line":14,"column":34}},"10":{"start":{"line":15,"column":28},"end":{"line":15,"column":93}},"11":{"start":{"line":17,"column":8},"end":{"line":17,"column":111}},"12":{"start":{"line":9,"column":0},"end":{"line":9,"column":13}},"13":{"start":{"line":22,"column":13},"end":{"line":22,"column":108}}},"fnMap":{"0":{"name":"(anonymous_0)","decl":{"start":{"line":9,"column":0},"end":{"line":9,"column":13}},"loc":{"start":{"line":9,"column":0},"end":{"line":19,"column":1}}},"1":{"name":"(anonymous_1)","decl":{"start":{"line":12,"column":56},"end":{"line":12,"column":61}},"loc":{"start":{"line":12,"column":81},"end":{"line":18,"column":5}}}},"branchMap":{},"s":{"0":4,"1":4,"2":4,"3":4,"4":4,"5":4,"6":4,"7":4,"8":0,"9":0,"10":0,"11":0,"12":4,"13":4},"f":{"0":4,"1":0},"b":{}}
,"/Users/samvelsukiasian/Desktop/Спейсбу/spaceboo/controllers/auth.controller.ts": {"path":"/Users/samvelsukiasian/Desktop/Спейсбу/spaceboo/controllers/auth.controller.ts","statementMap":{"0":{"start":{"line":2,"column":0},"end":{"line":2,"column":33}},"1":{"start":{"line":3,"column":0},"end":{"line":3,"column":36}},"2":{"start":{"line":4,"column":0},"end":{"line":4,"column":33}},"3":{"start":{"line":5,"column":0},"end":{"line":5,"column":65}},"4":{"start":{"line":6,"column":0},"end":{"line":6,"column":75}},"5":{"start":{"line":7,"column":0},"end":{"line":7,"column":80}},"6":{"start":{"line":8,"column":0},"end":{"line":8,"column":51}},"7":{"start":{"line":10,"column":0},"end":{"line":10,"column":16}},"8":{"start":{"line":13,"column":21},"end":{"line":13,"column":62}},"9":{"start":{"line":15,"column":11},"end":{"line":21,"column":7}},"10":{"start":{"line":16,"column":21},"end":{"line":16,"column":57}},"11":{"start":{"line":18,"column":8},"end":{"line":18,"column":60}},"12":{"start":{"line":19,"column":8},"end":{"line":19,"column":82}},"13":{"start":{"line":23,"column":11},"end":{"line":28,"column":7}},"14":{"start":{"line":24,"column":21},"end":{"line":24,"column":57}},"15":{"start":{"line":26,"column":8},"end":{"line":26,"column":60}},"16":{"start":{"line":27,"column":8},"end":{"line":27,"column":94}},"17":{"start":{"line":30,"column":11},"end":{"line":30,"column":30}},"18":{"start":{"line":32,"column":12},"end":{"line":46,"column":6}},"19":{"start":{"line":33,"column":26},"end":{"line":33,"column":45}},"20":{"start":{"line":34,"column":22},"end":{"line":34,"column":73}},"21":{"start":{"line":35,"column":45},"end":{"line":39,"column":10}},"22":{"start":{"line":41,"column":8},"end":{"line":43,"column":null}},"23":{"start":{"line":42,"column":12},"end":{"line":42,"column":40}},"24":{"start":{"line":45,"column":8},"end":{"line":45,"column":48}},"25":{"start":{"line":12,"column":0},"end":{"line":12,"column":13}},"26":{"start":{"line":49,"column":13},"end":{"line":49,"column":87}}},"fnMap":{"0":{"name":"(anonymous_0)","decl":{"start":{"line":12,"column":0},"end":{"line":12,"column":13}},"loc":{"start":{"line":12,"column":0},"end":{"line":47,"column":1}}},"1":{"name":"(anonymous_1)","decl":{"start":{"line":15,"column":50},"end":{"line":15,"column":55}},"loc":{"start":{"line":15,"column":75},"end":{"line":21,"column":5}}},"2":{"name":"(anonymous_2)","decl":{"start":{"line":23,"column":50},"end":{"line":23,"column":55}},"loc":{"start":{"line":23,"column":90},"end":{"line":28,"column":5}}},"3":{"name":"(anonymous_3)","decl":{"start":{"line":30,"column":21},"end":{"line":30,"column":24}},"loc":{"start":{"line":30,"column":26},"end":{"line":30,"column":29}}},"4":{"name":"(anonymous_4)","decl":{"start":{"line":32,"column":41},"end":{"line":32,"column":46}},"loc":{"start":{"line":32,"column":86},"end":{"line":46,"column":5}}}},"branchMap":{"0":{"loc":{"start":{"line":41,"column":8},"end":{"line":43,"column":null}},"type":"if","locations":[{"start":{"line":41,"column":8},"end":{"line":43,"column":null}},{"start":{"line":41,"column":8},"end":{"line":43,"column":null}}]}},"s":{"0":4,"1":4,"2":4,"3":4,"4":4,"5":4,"6":4,"7":4,"8":4,"9":4,"10":3,"11":2,"12":2,"13":4,"14":0,"15":0,"16":0,"17":4,"18":4,"19":2,"20":2,"21":2,"22":2,"23":0,"24":2,"25":4,"26":4},"f":{"0":4,"1":3,"2":0,"3":0,"4":2},"b":{"0":[0,2]}}
,"/Users/samvelsukiasian/Desktop/Спейсбу/spaceboo/controllers/error.controller.ts": {"path":"/Users/samvelsukiasian/Desktop/Спейсбу/spaceboo/controllers/error.controller.ts","statementMap":{"0":{"start":{"line":2,"column":0},"end":{"line":2,"column":72}},"1":{"start":{"line":5,"column":18},"end":{"line":13,"column":6}},"2":{"start":{"line":6,"column":8},"end":{"line":6,"column":58}},"3":{"start":{"line":7,"column":8},"end":{"line":12,"column":11}},"4":{"start":{"line":15,"column":18},"end":{"line":29,"column":6}},"5":{"start":{"line":16,"column":8},"end":{"line":28,"column":null}},"6":{"start":{"line":17,"column":12},"end":{"line":17,"column":38}},"7":{"start":{"line":18,"column":12},"end":{"line":21,"column":15}},"8":{"start":{"line":23,"column":12},"end":{"line":23,"column":64}},"9":{"start":{"line":24,"column":12},"end":{"line":27,"column":15}},"10":{"start":{"line":31,"column":18},"end":{"line":38,"column":6}},"11":{"start":{"line":32,"column":8},"end":{"line":37,"column":null}},"12":{"start":{"line":33,"column":12},"end":{"line":36,"column":15}},"13":{"start":{"line":40,"column":18},"end":{"line":62,"column":6}},"14":{"start":{"line":46,"column":8},"end":{"line":46,"column":76}},"15":{"start":{"line":47,"column":8},"end":{"line":47,"column":65}},"16":{"start":{"line":49,"column":8},"end":{"line":61,"column":null}},"17":{"start":{"line":51,"column":16},"end":{"line":51,"column":62}},"18":{"start":{"line":52,"column":16},"end":{"line":52,"column":22}},"19":{"start":{"line":55,"column":16},"end":{"line":55,"column":56}},"20":{"start":{"line":56,"column":16},"end":{"line":56,"column":22}},"21":{"start":{"line":59,"column":16},"end":{"line":59,"column":56}},"22":{"start":{"line":60,"column":16},"end":{"line":60,"column":22}},"23":{"start":{"line":65,"column":0},"end":{"line":65,"column":53}}},"fnMap":{"0":{"name":"(anonymous_0)","decl":{"start":{"line":5,"column":40},"end":{"line":5,"column":41}},"loc":{"start":{"line":5,"column":74},"end":{"line":13,"column":5}}},"1":{"name":"(anonymous_1)","decl":{"start":{"line":15,"column":34},"end":{"line":15,"column":35}},"loc":{"start":{"line":15,"column":68},"end":{"line":29,"column":5}}},"2":{"name":"(anonymous_2)","decl":{"start":{"line":31,"column":34},"end":{"line":31,"column":35}},"loc":{"start":{"line":31,"column":68},"end":{"line":38,"column":5}}},"3":{"name":"(anonymous_3)","decl":{"start":{"line":40,"column":63},"end":{"line":40,"column":null}},"loc":{"start":{"line":45,"column":14},"end":{"line":62,"column":5}}}},"branchMap":{"0":{"loc":{"start":{"line":16,"column":8},"end":{"line":28,"column":null}},"type":"if","locations":[{"start":{"line":16,"column":8},"end":{"line":28,"column":null}},{"start":{"line":16,"column":8},"end":{"line":28,"column":null}}]},"1":{"loc":{"start":{"line":32,"column":8},"end":{"line":37,"column":null}},"type":"if","locations":[{"start":{"line":32,"column":8},"end":{"line":37,"column":null}},{"start":{"line":32,"column":8},"end":{"line":37,"column":null}}]},"2":{"loc":{"start":{"line":46,"column":25},"end":{"line":46,"column":75}},"type":"binary-expr","locations":[{"start":{"line":46,"column":25},"end":{"line":46,"column":39}},{"start":{"line":46,"column":43},"end":{"line":46,"column":75}}]},"3":{"loc":{"start":{"line":47,"column":22},"end":{"line":47,"column":64}},"type":"binary-expr","locations":[{"start":{"line":47,"column":22},"end":{"line":47,"column":33}},{"start":{"line":47,"column":37},"end":{"line":47,"column":64}}]},"4":{"loc":{"start":{"line":49,"column":8},"end":{"line":61,"column":null}},"type":"switch","locations":[{"start":{"line":50,"column":12},"end":{"line":52,"column":22}},{"start":{"line":54,"column":12},"end":{"line":56,"column":22}},{"start":{"line":58,"column":12},"end":{"line":60,"column":22}}]}},"s":{"0":4,"1":4,"2":0,"3":0,"4":4,"5":0,"6":0,"7":0,"8":0,"9":0,"10":4,"11":2,"12":1,"13":4,"14":2,"15":2,"16":2,"17":0,"18":0,"19":2,"20":2,"21":0,"22":0,"23":4},"f":{"0":0,"1":0,"2":2,"3":2},"b":{"0":[0,0],"1":[1,1],"2":[2,1],"3":[2,0],"4":[0,2,0]}}
,"/Users/samvelsukiasian/Desktop/Спейсбу/spaceboo/controllers/space.controller.ts": {"path":"/Users/samvelsukiasian/Desktop/Спейсбу/spaceboo/controllers/space.controller.ts","statementMap":{"0":{"start":{"line":1,"column":0},"end":{"line":1,"column":33}},"1":{"start":{"line":2,"column":0},"end":{"line":2,"column":65}},"2":{"start":{"line":3,"column":0},"end":{"line":3,"column":83}},"3":{"start":{"line":4,"column":0},"end":{"line":4,"column":51}},"4":{"start":{"line":5,"column":0},"end":{"line":5,"column":62}},"5":{"start":{"line":7,"column":0},"end":{"line":7,"column":16}},"6":{"start":{"line":10,"column":21},"end":{"line":10,"column":64}},"7":{"start":{"line":12,"column":11},"end":{"line":16,"column":7}},"8":{"start":{"line":13,"column":22},"end":{"line":13,"column":58}},"9":{"start":{"line":15,"column":8},"end":{"line":15,"column":99}},"10":{"start":{"line":18,"column":11},"end":{"line":22,"column":7}},"11":{"start":{"line":19,"column":22},"end":{"line":19,"column":60}},"12":{"start":{"line":21,"column":8},"end":{"line":21,"column":68}},"13":{"start":{"line":25,"column":11},"end":{"line":31,"column":7}},"14":{"start":{"line":26,"column":8},"end":{"line":26,"column":43}},"15":{"start":{"line":28,"column":23},"end":{"line":28,"column":65}},"16":{"start":{"line":30,"column":8},"end":{"line":30,"column":69}},"17":{"start":{"line":33,"column":11},"end":{"line":38,"column":7}},"18":{"start":{"line":35,"column":22},"end":{"line":35,"column":93}},"19":{"start":{"line":37,"column":8},"end":{"line":37,"column":61}},"20":{"start":{"line":40,"column":11},"end":{"line":40,"column":84}},"21":{"start":{"line":43,"column":11},"end":{"line":43,"column":81}},"22":{"start":{"line":44,"column":11},"end":{"line":44,"column":81}},"23":{"start":{"line":9,"column":0},"end":{"line":9,"column":13}},"24":{"start":{"line":48,"column":13},"end":{"line":48,"column":90}}},"fnMap":{"0":{"name":"(anonymous_0)","decl":{"start":{"line":9,"column":0},"end":{"line":9,"column":13}},"loc":{"start":{"line":9,"column":0},"end":{"line":45,"column":1}}},"1":{"name":"(anonymous_1)","decl":{"start":{"line":12,"column":50},"end":{"line":12,"column":55}},"loc":{"start":{"line":12,"column":75},"end":{"line":16,"column":5}}},"2":{"name":"(anonymous_2)","decl":{"start":{"line":18,"column":51},"end":{"line":18,"column":56}},"loc":{"start":{"line":18,"column":76},"end":{"line":22,"column":5}}},"3":{"name":"(anonymous_3)","decl":{"start":{"line":25,"column":55},"end":{"line":25,"column":60}},"loc":{"start":{"line":25,"column":80},"end":{"line":31,"column":5}}},"4":{"name":"(anonymous_4)","decl":{"start":{"line":33,"column":52},"end":{"line":33,"column":57}},"loc":{"start":{"line":33,"column":77},"end":{"line":38,"column":5}}},"5":{"name":"(anonymous_5)","decl":{"start":{"line":40,"column":54},"end":{"line":40,"column":59}},"loc":{"start":{"line":40,"column":79},"end":{"line":40,"column":82}}},"6":{"name":"(anonymous_6)","decl":{"start":{"line":43,"column":51},"end":{"line":43,"column":56}},"loc":{"start":{"line":43,"column":76},"end":{"line":43,"column":79}}},"7":{"name":"(anonymous_7)","decl":{"start":{"line":44,"column":51},"end":{"line":44,"column":56}},"loc":{"start":{"line":44,"column":76},"end":{"line":44,"column":79}}}},"branchMap":{},"s":{"0":4,"1":4,"2":4,"3":4,"4":4,"5":4,"6":4,"7":4,"8":1,"9":1,"10":4,"11":0,"12":0,"13":4,"14":0,"15":0,"16":0,"17":4,"18":0,"19":0,"20":4,"21":4,"22":4,"23":4,"24":4},"f":{"0":4,"1":1,"2":0,"3":0,"4":0,"5":0,"6":0,"7":0},"b":{}}
,"/Users/samvelsukiasian/Desktop/Спейсбу/spaceboo/controllers/user.controller.ts": {"path":"/Users/samvelsukiasian/Desktop/Спейсбу/spaceboo/controllers/user.controller.ts","statementMap":{"0":{"start":{"line":1,"column":0},"end":{"line":1,"column":80}},"1":{"start":{"line":2,"column":0},"end":{"line":2,"column":65}},"2":{"start":{"line":3,"column":0},"end":{"line":3,"column":51}},"3":{"start":{"line":6,"column":21},"end":{"line":6,"column":62}},"4":{"start":{"line":8,"column":11},"end":{"line":10,"column":7}},"5":{"start":{"line":9,"column":8},"end":{"line":9,"column":51}},"6":{"start":{"line":13,"column":13},"end":{"line":13,"column":87}}},"fnMap":{"0":{"name":"(anonymous_0)","decl":{"start":{"line":5,"column":0},"end":{"line":5,"column":6}},"loc":{"start":{"line":5,"column":0},"end":{"line":11,"column":1}}},"1":{"name":"(anonymous_1)","decl":{"start":{"line":8,"column":51},"end":{"line":8,"column":56}},"loc":{"start":{"line":8,"column":76},"end":{"line":10,"column":5}}}},"branchMap":{},"s":{"0":4,"1":4,"2":4,"3":4,"4":4,"5":0,"6":4},"f":{"0":4,"1":0},"b":{}}
,"/Users/samvelsukiasian/Desktop/Спейсбу/spaceboo/daos/appointment.sequelize.dao.ts": {"path":"/Users/samvelsukiasian/Desktop/Спейсбу/spaceboo/daos/appointment.sequelize.dao.ts","statementMap":{"0":{"start":{"line":2,"column":0},"end":{"line":2,"column":51}},"1":{"start":{"line":3,"column":0},"end":{"line":3,"column":58}},"2":{"start":{"line":4,"column":0},"end":{"line":4,"column":54}},"3":{"start":{"line":7,"column":21},"end":{"line":7,"column":72}},"4":{"start":{"line":13,"column":4},"end":{"line":17,"column":6}},"5":{"start":{"line":16,"column":8},"end":{"line":16,"column":76}},"6":{"start":{"line":19,"column":4},"end":{"line":22,"column":6}},"7":{"start":{"line":10,"column":8},"end":{"line":10,"column":37}},"8":{"start":{"line":6,"column":0},"end":{"line":6,"column":13}},"9":{"start":{"line":39,"column":13},"end":{"line":39,"column":114}}},"fnMap":{"0":{"name":"(anonymous_0)","decl":{"start":{"line":6,"column":0},"end":{"line":6,"column":13}},"loc":{"start":{"line":6,"column":0},"end":{"line":37,"column":1}}},"1":{"name":"(anonymous_1)","decl":{"start":{"line":13,"column":24},"end":{"line":13,"column":29}},"loc":{"start":{"line":13,"column":95},"end":{"line":17,"column":5}}},"2":{"name":"(anonymous_2)","decl":{"start":{"line":19,"column":24},"end":{"line":19,"column":29}},"loc":{"start":{"line":19,"column":65},"end":{"line":22,"column":5}}},"3":{"name":"(anonymous_3)","decl":{"start":{"line":9,"column":4},"end":{"line":9,"column":8}},"loc":{"start":{"line":9,"column":13},"end":{"line":11,"column":5}}}},"branchMap":{},"s":{"0":4,"1":4,"2":4,"3":4,"4":4,"5":0,"6":4,"7":0,"8":4,"9":4},"f":{"0":4,"1":0,"2":0,"3":0},"b":{}}
,"/Users/samvelsukiasian/Desktop/Спейсбу/spaceboo/daos/auth.sequelize.dao.ts": {"path":"/Users/samvelsukiasian/Desktop/Спейсбу/spaceboo/daos/auth.sequelize.dao.ts","statementMap":{"0":{"start":{"line":1,"column":0},"end":{"line":1,"column":51}},"1":{"start":{"line":2,"column":0},"end":{"line":2,"column":44}},"2":{"start":{"line":3,"column":0},"end":{"line":3,"column":44}},"3":{"start":{"line":4,"column":0},"end":{"line":4,"column":41}},"4":{"start":{"line":5,"column":0},"end":{"line":5,"column":54}},"5":{"start":{"line":8,"column":21},"end":{"line":8,"column":51}},"6":{"start":{"line":14,"column":4},"end":{"line":21,"column":6}},"7":{"start":{"line":16,"column":8},"end":{"line":20,"column":null}},"8":{"start":{"line":17,"column":12},"end":{"line":17,"column":43}},"9":{"start":{"line":19,"column":12},"end":{"line":19,"column":100}},"10":{"start":{"line":11,"column":8},"end":{"line":11,"column":30}},"11":{"start":{"line":7,"column":0},"end":{"line":7,"column":13}},"12":{"start":{"line":24,"column":13},"end":{"line":24,"column":93}}},"fnMap":{"0":{"name":"(anonymous_0)","decl":{"start":{"line":7,"column":0},"end":{"line":7,"column":13}},"loc":{"start":{"line":7,"column":0},"end":{"line":22,"column":1}}},"1":{"name":"(anonymous_1)","decl":{"start":{"line":14,"column":18},"end":{"line":14,"column":23}},"loc":{"start":{"line":14,"column":67},"end":{"line":21,"column":5}}},"2":{"name":"(anonymous_2)","decl":{"start":{"line":10,"column":4},"end":{"line":10,"column":8}},"loc":{"start":{"line":10,"column":13},"end":{"line":12,"column":5}}}},"branchMap":{"0":{"loc":{"start":{"line":16,"column":8},"end":{"line":20,"column":null}},"type":"if","locations":[{"start":{"line":16,"column":8},"end":{"line":20,"column":null}},{"start":{"line":16,"column":8},"end":{"line":20,"column":null}}]},"1":{"loc":{"start":{"line":16,"column":12},"end":{"line":16,"column":54}},"type":"binary-expr","locations":[{"start":{"line":16,"column":12},"end":{"line":16,"column":25}},{"start":{"line":16,"column":29},"end":{"line":16,"column":54}}]}},"s":{"0":4,"1":4,"2":4,"3":4,"4":4,"5":4,"6":4,"7":3,"8":2,"9":1,"10":2,"11":4,"12":4},"f":{"0":4,"1":3,"2":2},"b":{"0":[2,1],"1":[3,2]}}
,"/Users/samvelsukiasian/Desktop/Спейсбу/spaceboo/daos/space.sequelize.dao.ts": {"path":"/Users/samvelsukiasian/Desktop/Спейсбу/spaceboo/daos/space.sequelize.dao.ts","statementMap":{"0":{"start":{"line":1,"column":0},"end":{"line":1,"column":44}},"1":{"start":{"line":2,"column":0},"end":{"line":2,"column":51}},"2":{"start":{"line":5,"column":0},"end":{"line":5,"column":91}},"3":{"start":{"line":6,"column":0},"end":{"line":6,"column":52}},"4":{"start":{"line":7,"column":0},"end":{"line":7,"column":54}},"5":{"start":{"line":16,"column":0},"end":{"line":16,"column":null}},"6":{"start":{"line":17,"column":4},"end":{"line":17,"column":null}},"7":{"start":{"line":18,"column":4},"end":{"line":18,"column":null}},"8":{"start":{"line":19,"column":4},"end":{"line":19,"column":null}},"9":{"start":{"line":20,"column":4},"end":{"line":20,"column":null}},"10":{"start":{"line":22,"column":0},"end":{"line":22,"column":null}},"11":{"start":{"line":23,"column":4},"end":{"line":23,"column":null}},"12":{"start":{"line":24,"column":4},"end":{"line":24,"column":null}},"13":{"start":{"line":28,"column":21},"end":{"line":28,"column":54}},"14":{"start":{"line":35,"column":4},"end":{"line":37,"column":6}},"15":{"start":{"line":36,"column":8},"end":{"line":36,"column":39}},"16":{"start":{"line":39,"column":4},"end":{"line":85,"column":6}},"17":{"start":{"line":40,"column":8},"end":{"line":40,"column":31}},"18":{"start":{"line":41,"column":60},"end":{"line":41,"column":68}},"19":{"start":{"line":42,"column":8},"end":{"line":42,"column":31}},"20":{"start":{"line":43,"column":8},"end":{"line":43,"column":36}},"21":{"start":{"line":44,"column":8},"end":{"line":44,"column":38}},"22":{"start":{"line":45,"column":23},"end":{"line":45,"column":45}},"23":{"start":{"line":49,"column":35},"end":{"line":56,"column":10}},"24":{"start":{"line":58,"column":8},"end":{"line":82,"column":null}},"25":{"start":{"line":65,"column":40},"end":{"line":74,"column":14}},"26":{"start":{"line":75,"column":30},"end":{"line":77,"column":14}},"27":{"start":{"line":79,"column":12},"end":{"line":79,"column":77}},"28":{"start":{"line":80,"column":12},"end":{"line":80,"column":57}},"29":{"start":{"line":81,"column":12},"end":{"line":81,"column":99}},"30":{"start":{"line":84,"column":8},"end":{"line":84,"column":41}},"31":{"start":{"line":88,"column":4},"end":{"line":91,"column":6}},"32":{"start":{"line":89,"column":23},"end":{"line":89,"column":57}},"33":{"start":{"line":90,"column":8},"end":{"line":90,"column":33}},"34":{"start":{"line":94,"column":4},"end":{"line":94,"column":37}},"35":{"start":{"line":96,"column":12},"end":{"line":110,"column":6}},"36":{"start":{"line":97,"column":8},"end":{"line":109,"column":null}},"37":{"start":{"line":99,"column":16},"end":{"line":99,"column":71}},"38":{"start":{"line":102,"column":16},"end":{"line":102,"column":72}},"39":{"start":{"line":105,"column":16},"end":{"line":105,"column":82}},"40":{"start":{"line":108,"column":16},"end":{"line":108,"column":83}},"41":{"start":{"line":112,"column":12},"end":{"line":112,"column":39}},"42":{"start":{"line":31,"column":8},"end":{"line":31,"column":31}},"43":{"start":{"line":27,"column":0},"end":{"line":27,"column":13}},"44":{"start":{"line":115,"column":13},"end":{"line":115,"column":96}}},"fnMap":{"0":{"name":"(anonymous_0)","decl":{"start":{"line":16,"column":0},"end":{"line":16,"column":5}},"loc":{"start":{"line":16,"column":25},"end":{"line":21,"column":1}}},"1":{"name":"(anonymous_1)","decl":{"start":{"line":22,"column":0},"end":{"line":22,"column":5}},"loc":{"start":{"line":22,"column":20},"end":{"line":25,"column":1}}},"2":{"name":"(anonymous_2)","decl":{"start":{"line":27,"column":0},"end":{"line":27,"column":13}},"loc":{"start":{"line":27,"column":0},"end":{"line":113,"column":1}}},"3":{"name":"(anonymous_3)","decl":{"start":{"line":35,"column":18},"end":{"line":35,"column":23}},"loc":{"start":{"line":35,"column":63},"end":{"line":37,"column":5}}},"4":{"name":"(anonymous_4)","decl":{"start":{"line":39,"column":23},"end":{"line":39,"column":28}},"loc":{"start":{"line":39,"column":74},"end":{"line":85,"column":5}}},"5":{"name":"(anonymous_5)","decl":{"start":{"line":88,"column":20},"end":{"line":88,"column":25}},"loc":{"start":{"line":88,"column":80},"end":{"line":91,"column":5}}},"6":{"name":"(anonymous_6)","decl":{"start":{"line":94,"column":22},"end":{"line":94,"column":27}},"loc":{"start":{"line":94,"column":33},"end":{"line":94,"column":36}}},"7":{"name":"(anonymous_7)","decl":{"start":{"line":96,"column":30},"end":{"line":96,"column":31}},"loc":{"start":{"line":96,"column":102},"end":{"line":110,"column":5}}},"8":{"name":"(anonymous_8)","decl":{"start":{"line":112,"column":25},"end":{"line":112,"column":33}},"loc":{"start":{"line":112,"column":35},"end":{"line":112,"column":38}}},"9":{"name":"(anonymous_9)","decl":{"start":{"line":30,"column":4},"end":{"line":30,"column":8}},"loc":{"start":{"line":30,"column":13},"end":{"line":32,"column":5}}}},"branchMap":{"0":{"loc":{"start":{"line":16,"column":5},"end":{"line":16,"column":null}},"type":"binary-expr","locations":[{"start":{"line":16,"column":5},"end":{"line":16,"column":25}},{"start":{"line":16,"column":5},"end":{"line":16,"column":null}}]},"1":{"loc":{"start":{"line":22,"column":5},"end":{"line":22,"column":null}},"type":"binary-expr","locations":[{"start":{"line":22,"column":5},"end":{"line":22,"column":20}},{"start":{"line":22,"column":5},"end":{"line":22,"column":null}}]},"2":{"loc":{"start":{"line":50,"column":19},"end":{"line":52,"column":79}},"type":"cond-expr","locations":[{"start":{"line":51,"column":18},"end":{"line":51,"column":48}},{"start":{"line":52,"column":18},"end":{"line":52,"column":79}}]},"3":{"loc":{"start":{"line":53,"column":19},"end":{"line":53,"column":30}},"type":"binary-expr","locations":[{"start":{"line":53,"column":19},"end":{"line":53,"column":24}},{"start":{"line":53,"column":28},"end":{"line":53,"column":30}}]},"4":{"loc":{"start":{"line":54,"column":20},"end":{"line":54,"column":31}},"type":"binary-expr","locations":[{"start":{"line":54,"column":20},"end":{"line":54,"column":26}},{"start":{"line":54,"column":30},"end":{"line":54,"column":31}}]},"5":{"loc":{"start":{"line":58,"column":8},"end":{"line":82,"column":null}},"type":"if","locations":[{"start":{"line":58,"column":8},"end":{"line":82,"column":null}},{"start":{"line":58,"column":8},"end":{"line":82,"column":null}}]},"6":{"loc":{"start":{"line":58,"column":12},"end":{"line":58,"column":34}},"type":"binary-expr","locations":[{"start":{"line":58,"column":12},"end":{"line":58,"column":26}},{"start":{"line":58,"column":30},"end":{"line":58,"column":34}}]},"7":{"loc":{"start":{"line":79,"column":26},"end":{"line":79,"column":76}},"type":"cond-expr","locations":[{"start":{"line":79,"column":42},"end":{"line":79,"column":70}},{"start":{"line":79,"column":72},"end":{"line":79,"column":76}}]},"8":{"loc":{"start":{"line":80,"column":26},"end":{"line":80,"column":56}},"type":"cond-expr","locations":[{"start":{"line":80,"column":32},"end":{"line":80,"column":50}},{"start":{"line":80,"column":52},"end":{"line":80,"column":56}}]},"9":{"loc":{"start":{"line":81,"column":26},"end":{"line":81,"column":98}},"type":"cond-expr","locations":[{"start":{"line":81,"column":50},"end":{"line":81,"column":92}},{"start":{"line":81,"column":94},"end":{"line":81,"column":98}}]},"10":{"loc":{"start":{"line":81,"column":26},"end":{"line":81,"column":48}},"type":"binary-expr","locations":[{"start":{"line":81,"column":26},"end":{"line":81,"column":40}},{"start":{"line":81,"column":44},"end":{"line":81,"column":48}}]},"11":{"loc":{"start":{"line":97,"column":8},"end":{"line":109,"column":null}},"type":"switch","locations":[{"start":{"line":98,"column":12},"end":{"line":99,"column":71}},{"start":{"line":101,"column":12},"end":{"line":102,"column":72}},{"start":{"line":104,"column":12},"end":{"line":105,"column":82}},{"start":{"line":107,"column":12},"end":{"line":108,"column":83}}]}},"s":{"0":4,"1":4,"2":4,"3":4,"4":4,"5":4,"6":4,"7":4,"8":4,"9":4,"10":4,"11":4,"12":4,"13":4,"14":4,"15":1,"16":4,"17":0,"18":0,"19":0,"20":0,"21":0,"22":0,"23":0,"24":0,"25":0,"26":0,"27":0,"28":0,"29":0,"30":0,"31":4,"32":0,"33":0,"34":4,"35":4,"36":0,"37":0,"38":0,"39":0,"40":0,"41":4,"42":1,"43":4,"44":4},"f":{"0":4,"1":4,"2":4,"3":1,"4":0,"5":0,"6":0,"7":0,"8":0,"9":1},"b":{"0":[4,4],"1":[4,4],"2":[0,0],"3":[0,0],"4":[0,0],"5":[0,0],"6":[0,0],"7":[0,0],"8":[0,0],"9":[0,0],"10":[0,0],"11":[0,0,0,0]}}
,"/Users/samvelsukiasian/Desktop/Спейсбу/spaceboo/daos/user.sequelize.dao.ts": {"path":"/Users/samvelsukiasian/Desktop/Спейсбу/spaceboo/daos/user.sequelize.dao.ts","statementMap":{"0":{"start":{"line":1,"column":0},"end":{"line":1,"column":51}},"1":{"start":{"line":2,"column":0},"end":{"line":2,"column":44}},"2":{"start":{"line":3,"column":0},"end":{"line":3,"column":54}},"3":{"start":{"line":6,"column":21},"end":{"line":6,"column":51}},"4":{"start":{"line":13,"column":4},"end":{"line":15,"column":6}},"5":{"start":{"line":14,"column":8},"end":{"line":14,"column":39}},"6":{"start":{"line":9,"column":8},"end":{"line":9,"column":30}},"7":{"start":{"line":5,"column":0},"end":{"line":5,"column":13}},"8":{"start":{"line":18,"column":13},"end":{"line":18,"column":93}}},"fnMap":{"0":{"name":"(anonymous_0)","decl":{"start":{"line":5,"column":0},"end":{"line":5,"column":13}},"loc":{"start":{"line":5,"column":0},"end":{"line":16,"column":1}}},"1":{"name":"(anonymous_1)","decl":{"start":{"line":13,"column":18},"end":{"line":13,"column":23}},"loc":{"start":{"line":13,"column":67},"end":{"line":15,"column":5}}},"2":{"name":"(anonymous_2)","decl":{"start":{"line":8,"column":4},"end":{"line":8,"column":8}},"loc":{"start":{"line":8,"column":13},"end":{"line":10,"column":5}}}},"branchMap":{},"s":{"0":4,"1":4,"2":4,"3":4,"4":4,"5":0,"6":0,"7":4,"8":4},"f":{"0":4,"1":0,"2":0},"b":{}}
,"/Users/samvelsukiasian/Desktop/Спейсбу/spaceboo/database/connectToDb.ts": {"path":"/Users/samvelsukiasian/Desktop/Спейсбу/spaceboo/database/connectToDb.ts","statementMap":{"0":{"start":{"line":2,"column":0},"end":{"line":2,"column":39}},"1":{"start":{"line":3,"column":0},"end":{"line":3,"column":59}},"2":{"start":{"line":5,"column":0},"end":{"line":25,"column":2}},"3":{"start":{"line":6,"column":4},"end":{"line":24,"column":null}},"4":{"start":{"line":7,"column":8},"end":{"line":7,"column":105}},"5":{"start":{"line":8,"column":8},"end":{"line":8,"column":74}},"6":{"start":{"line":9,"column":8},"end":{"line":13,"column":null}},"7":{"start":{"line":10,"column":12},"end":{"line":12,"column":14}},"8":{"start":{"line":15,"column":8},"end":{"line":23,"column":null}},"9":{"start":{"line":17,"column":16},"end":{"line":17,"column":35}},"10":{"start":{"line":18,"column":16},"end":{"line":18,"column":22}},"11":{"start":{"line":21,"column":16},"end":{"line":21,"column":61}},"12":{"start":{"line":22,"column":16},"end":{"line":22,"column":22}}},"fnMap":{"0":{"name":"(anonymous_0)","decl":{"start":{"line":5,"column":15},"end":{"line":5,"column":20}},"loc":{"start":{"line":5,"column":61},"end":{"line":25,"column":1}}}},"branchMap":{"0":{"loc":{"start":{"line":7,"column":38},"end":{"line":7,"column":101}},"type":"cond-expr","locations":[{"start":{"line":7,"column":89},"end":{"line":7,"column":93}},{"start":{"line":7,"column":96},"end":{"line":7,"column":101}}]},"1":{"loc":{"start":{"line":9,"column":8},"end":{"line":13,"column":null}},"type":"if","locations":[{"start":{"line":9,"column":8},"end":{"line":13,"column":null}},{"start":{"line":9,"column":8},"end":{"line":13,"column":null}}]},"2":{"loc":{"start":{"line":15,"column":8},"end":{"line":23,"column":null}},"type":"switch","locations":[{"start":{"line":16,"column":12},"end":{"line":18,"column":22}},{"start":{"line":20,"column":12},"end":{"line":22,"column":22}}]},"3":{"loc":{"start":{"line":16,"column":17},"end":{"line":16,"column":60}},"type":"binary-expr","locations":[{"start":{"line":16,"column":17},"end":{"line":16,"column":40}},{"start":{"line":16,"column":44},"end":{"line":16,"column":60}}]}},"s":{"0":4,"1":4,"2":4,"3":4,"4":4,"5":4,"6":4,"7":4,"8":0,"9":0,"10":0,"11":0,"12":0},"f":{"0":4},"b":{"0":[0,4],"1":[4,0],"2":[0,0],"3":[0,0]}}
,"/Users/samvelsukiasian/Desktop/Спейсбу/spaceboo/loggers/logger.ts": {"path":"/Users/samvelsukiasian/Desktop/Спейсбу/spaceboo/loggers/logger.ts","statementMap":{"0":{"start":{"line":1,"column":0},"end":{"line":1,"column":35}},"1":{"start":{"line":3,"column":15},"end":{"line":8,"column":2}},"2":{"start":{"line":10,"column":0},"end":{"line":16,"column":null}},"3":{"start":{"line":11,"column":4},"end":{"line":15,"column":6}},"4":{"start":{"line":18,"column":0},"end":{"line":18,"column":22}}},"fnMap":{},"branchMap":{"0":{"loc":{"start":{"line":10,"column":0},"end":{"line":16,"column":null}},"type":"if","locations":[{"start":{"line":10,"column":0},"end":{"line":16,"column":null}},{"start":{"line":10,"column":0},"end":{"line":16,"column":null}}]}},"s":{"0":4,"1":4,"2":4,"3":4,"4":4},"f":{},"b":{"0":[4,0]}}
,"/Users/samvelsukiasian/Desktop/Спейсбу/spaceboo/models/appointment.model.ts": {"path":"/Users/samvelsukiasian/Desktop/Спейсбу/spaceboo/models/appointment.model.ts","statementMap":{"0":{"start":{"line":1,"column":0},"end":{"line":1,"column":105}},"1":{"start":{"line":3,"column":0},"end":{"line":3,"column":38}},"2":{"start":{"line":4,"column":0},"end":{"line":4,"column":36}},"3":{"start":{"line":26,"column":0},"end":{"line":50,"column":null}},"4":{"start":{"line":32,"column":4},"end":{"line":32,"column":null}},"5":{"start":{"line":35,"column":4},"end":{"line":35,"column":null}},"6":{"start":{"line":39,"column":4},"end":{"line":39,"column":null}},"7":{"start":{"line":37,"column":22},"end":{"line":37,"column":27}},"8":{"start":{"line":43,"column":4},"end":{"line":43,"column":null}},"9":{"start":{"line":41,"column":22},"end":{"line":41,"column":26}},"10":{"start":{"line":46,"column":4},"end":{"line":46,"column":null}},"11":{"start":{"line":45,"column":21},"end":{"line":45,"column":26}},"12":{"start":{"line":49,"column":4},"end":{"line":49,"column":null}},"13":{"start":{"line":48,"column":21},"end":{"line":48,"column":25}},"14":{"start":{"line":26,"column":13},"end":{"line":50,"column":null}},"15":{"start":{"line":26,"column":13},"end":{"line":26,"column":24}}},"fnMap":{"0":{"name":"(anonymous_2)","decl":{"start":{"line":37,"column":16},"end":{"line":37,"column":19}},"loc":{"start":{"line":37,"column":22},"end":{"line":37,"column":27}}},"1":{"name":"(anonymous_3)","decl":{"start":{"line":41,"column":16},"end":{"line":41,"column":19}},"loc":{"start":{"line":41,"column":22},"end":{"line":41,"column":26}}},"2":{"name":"(anonymous_4)","decl":{"start":{"line":45,"column":15},"end":{"line":45,"column":18}},"loc":{"start":{"line":45,"column":21},"end":{"line":45,"column":26}}},"3":{"name":"(anonymous_5)","decl":{"start":{"line":48,"column":15},"end":{"line":48,"column":18}},"loc":{"start":{"line":48,"column":21},"end":{"line":48,"column":25}}}},"branchMap":{},"s":{"0":4,"1":4,"2":4,"3":4,"4":4,"5":4,"6":4,"7":24,"8":4,"9":8,"10":4,"11":8,"12":4,"13":8,"14":4,"15":4},"f":{"0":24,"1":8,"2":8,"3":8},"b":{}}
,"/Users/samvelsukiasian/Desktop/Спейсбу/spaceboo/models/city.model.ts": {"path":"/Users/samvelsukiasian/Desktop/Спейсбу/spaceboo/models/city.model.ts","statementMap":{"0":{"start":{"line":1,"column":0},"end":{"line":1,"column":97}},"1":{"start":{"line":23,"column":0},"end":{"line":64,"column":null}},"2":{"start":{"line":27,"column":4},"end":{"line":27,"column":null}},"3":{"start":{"line":30,"column":4},"end":{"line":30,"column":null}},"4":{"start":{"line":33,"column":4},"end":{"line":33,"column":null}},"5":{"start":{"line":36,"column":4},"end":{"line":36,"column":null}},"6":{"start":{"line":39,"column":4},"end":{"line":39,"column":null}},"7":{"start":{"line":42,"column":4},"end":{"line":42,"column":null}},"8":{"start":{"line":45,"column":4},"end":{"line":45,"column":null}},"9":{"start":{"line":48,"column":4},"end":{"line":48,"column":null}},"10":{"start":{"line":51,"column":4},"end":{"line":51,"column":null}},"11":{"start":{"line":54,"column":4},"end":{"line":54,"column":null}},"12":{"start":{"line":57,"column":4},"end":{"line":57,"column":null}},"13":{"start":{"line":60,"column":4},"end":{"line":60,"column":null}},"14":{"start":{"line":63,"column":4},"end":{"line":63,"column":null}},"15":{"start":{"line":23,"column":13},"end":{"line":64,"column":null}},"16":{"start":{"line":23,"column":13},"end":{"line":23,"column":17}}},"fnMap":{},"branchMap":{},"s":{"0":4,"1":4,"2":4,"3":4,"4":4,"5":4,"6":4,"7":4,"8":4,"9":4,"10":4,"11":4,"12":4,"13":4,"14":4,"15":4,"16":4},"f":{},"b":{}}
,"/Users/samvelsukiasian/Desktop/Спейсбу/spaceboo/models/space.model.ts": {"path":"/Users/samvelsukiasian/Desktop/Спейсбу/spaceboo/models/space.model.ts","statementMap":{"0":{"start":{"line":1,"column":0},"end":{"line":1,"column":114}},"1":{"start":{"line":3,"column":0},"end":{"line":3,"column":36}},"2":{"start":{"line":4,"column":0},"end":{"line":4,"column":50}},"3":{"start":{"line":5,"column":0},"end":{"line":5,"column":36}},"4":{"start":{"line":34,"column":0},"end":{"line":34,"column":null}},"5":{"start":{"line":35,"column":4},"end":{"line":35,"column":null}},"6":{"start":{"line":36,"column":4},"end":{"line":36,"column":null}},"7":{"start":{"line":38,"column":0},"end":{"line":38,"column":null}},"8":{"start":{"line":39,"column":4},"end":{"line":39,"column":null}},"9":{"start":{"line":40,"column":4},"end":{"line":40,"column":null}},"10":{"start":{"line":44,"column":0},"end":{"line":88,"column":null}},"11":{"start":{"line":47,"column":4},"end":{"line":47,"column":null}},"12":{"start":{"line":50,"column":4},"end":{"line":50,"column":null}},"13":{"start":{"line":53,"column":4},"end":{"line":53,"column":null}},"14":{"start":{"line":56,"column":4},"end":{"line":56,"column":null}},"15":{"start":{"line":62,"column":4},"end":{"line":62,"column":null}},"16":{"start":{"line":60,"column":22},"end":{"line":60,"column":26}},"17":{"start":{"line":65,"column":4},"end":{"line":65,"column":null}},"18":{"start":{"line":64,"column":21},"end":{"line":64,"column":25}},"19":{"start":{"line":68,"column":4},"end":{"line":68,"column":null}},"20":{"start":{"line":72,"column":4},"end":{"line":72,"column":null}},"21":{"start":{"line":70,"column":22},"end":{"line":70,"column":26}},"22":{"start":{"line":75,"column":4},"end":{"line":75,"column":null}},"23":{"start":{"line":74,"column":21},"end":{"line":74,"column":25}},"24":{"start":{"line":78,"column":4},"end":{"line":78,"column":null}},"25":{"start":{"line":81,"column":4},"end":{"line":81,"column":null}},"26":{"start":{"line":84,"column":4},"end":{"line":84,"column":null}},"27":{"start":{"line":87,"column":4},"end":{"line":87,"column":null}},"28":{"start":{"line":86,"column":19},"end":{"line":86,"column":30}},"29":{"start":{"line":44,"column":13},"end":{"line":88,"column":null}},"30":{"start":{"line":44,"column":13},"end":{"line":44,"column":18}}},"fnMap":{"0":{"name":"(anonymous_2)","decl":{"start":{"line":34,"column":0},"end":{"line":34,"column":12}},"loc":{"start":{"line":34,"column":29},"end":{"line":37,"column":1}}},"1":{"name":"(anonymous_3)","decl":{"start":{"line":38,"column":0},"end":{"line":38,"column":12}},"loc":{"start":{"line":38,"column":21},"end":{"line":41,"column":1}}},"2":{"name":"(anonymous_4)","decl":{"start":{"line":60,"column":16},"end":{"line":60,"column":19}},"loc":{"start":{"line":60,"column":22},"end":{"line":60,"column":26}}},"3":{"name":"(anonymous_5)","decl":{"start":{"line":64,"column":15},"end":{"line":64,"column":18}},"loc":{"start":{"line":64,"column":21},"end":{"line":64,"column":25}}},"4":{"name":"(anonymous_6)","decl":{"start":{"line":70,"column":16},"end":{"line":70,"column":19}},"loc":{"start":{"line":70,"column":22},"end":{"line":70,"column":26}}},"5":{"name":"(anonymous_7)","decl":{"start":{"line":74,"column":15},"end":{"line":74,"column":18}},"loc":{"start":{"line":74,"column":21},"end":{"line":74,"column":25}}},"6":{"name":"(anonymous_8)","decl":{"start":{"line":86,"column":13},"end":{"line":86,"column":16}},"loc":{"start":{"line":86,"column":19},"end":{"line":86,"column":30}}}},"branchMap":{"0":{"loc":{"start":{"line":34,"column":12},"end":{"line":34,"column":null}},"type":"binary-expr","locations":[{"start":{"line":34,"column":12},"end":{"line":34,"column":29}},{"start":{"line":34,"column":12},"end":{"line":34,"column":null}}]},"1":{"loc":{"start":{"line":38,"column":12},"end":{"line":38,"column":null}},"type":"binary-expr","locations":[{"start":{"line":38,"column":12},"end":{"line":38,"column":21}},{"start":{"line":38,"column":12},"end":{"line":38,"column":null}}]}},"s":{"0":4,"1":4,"2":4,"3":4,"4":4,"5":4,"6":4,"7":4,"8":4,"9":4,"10":4,"11":4,"12":4,"13":4,"14":4,"15":4,"16":12,"17":4,"18":8,"19":4,"20":4,"21":4,"22":4,"23":8,"24":4,"25":4,"26":4,"27":4,"28":8,"29":4,"30":4},"f":{"0":4,"1":4,"2":12,"3":8,"4":4,"5":8,"6":8},"b":{"0":[4,4],"1":[4,4]}}
,"/Users/samvelsukiasian/Desktop/Спейсбу/spaceboo/models/test.model.ts": {"path":"/Users/samvelsukiasian/Desktop/Спейсбу/spaceboo/models/test.model.ts","statementMap":{"0":{"start":{"line":1,"column":0},"end":{"line":1,"column":82}},"1":{"start":{"line":15,"column":0},"end":{"line":25,"column":null}},"2":{"start":{"line":18,"column":4},"end":{"line":18,"column":null}},"3":{"start":{"line":21,"column":4},"end":{"line":21,"column":null}},"4":{"start":{"line":24,"column":4},"end":{"line":24,"column":null}},"5":{"start":{"line":15,"column":13},"end":{"line":25,"column":null}},"6":{"start":{"line":15,"column":13},"end":{"line":15,"column":17}}},"fnMap":{},"branchMap":{},"s":{"0":4,"1":4,"2":4,"3":4,"4":4,"5":4,"6":4},"f":{},"b":{}}
,"/Users/samvelsukiasian/Desktop/Спейсбу/spaceboo/models/user.model.ts": {"path":"/Users/samvelsukiasian/Desktop/Спейсбу/spaceboo/models/user.model.ts","statementMap":{"0":{"start":{"line":1,"column":0},"end":{"line":1,"column":33}},"1":{"start":{"line":3,"column":0},"end":{"line":3,"column":119}},"2":{"start":{"line":4,"column":0},"end":{"line":4,"column":47}},"3":{"start":{"line":5,"column":0},"end":{"line":5,"column":50}},"4":{"start":{"line":23,"column":0},"end":{"line":23,"column":null}},"5":{"start":{"line":24,"column":4},"end":{"line":24,"column":null}},"6":{"start":{"line":25,"column":4},"end":{"line":25,"column":null}},"7":{"start":{"line":26,"column":4},"end":{"line":26,"column":null}},"8":{"start":{"line":27,"column":4},"end":{"line":27,"column":null}},"9":{"start":{"line":28,"column":4},"end":{"line":28,"column":null}},"10":{"start":{"line":29,"column":4},"end":{"line":29,"column":null}},"11":{"start":{"line":30,"column":4},"end":{"line":30,"column":null}},"12":{"start":{"line":32,"column":0},"end":{"line":32,"column":null}},"13":{"start":{"line":33,"column":4},"end":{"line":33,"column":null}},"14":{"start":{"line":57,"column":0},"end":{"line":148,"column":null}},"15":{"start":{"line":137,"column":8},"end":{"line":137,"column":69}},"16":{"start":{"line":138,"column":8},"end":{"line":138,"column":50}},"17":{"start":{"line":142,"column":8},"end":{"line":144,"column":10}},"18":{"start":{"line":143,"column":12},"end":{"line":143,"column":63}},"19":{"start":{"line":60,"column":4},"end":{"line":60,"column":null}},"20":{"start":{"line":76,"column":4},"end":{"line":76,"column":null}},"21":{"start":{"line":86,"column":4},"end":{"line":86,"column":null}},"22":{"start":{"line":96,"column":4},"end":{"line":96,"column":null}},"23":{"start":{"line":106,"column":4},"end":{"line":106,"column":null}},"24":{"start":{"line":118,"column":4},"end":{"line":118,"column":null}},"25":{"start":{"line":112,"column":16},"end":{"line":114,"column":null}},"26":{"start":{"line":113,"column":20},"end":{"line":113,"column":83}},"27":{"start":{"line":121,"column":4},"end":{"line":121,"column":null}},"28":{"start":{"line":124,"column":4},"end":{"line":124,"column":null}},"29":{"start":{"line":127,"column":4},"end":{"line":127,"column":null}},"30":{"start":{"line":130,"column":4},"end":{"line":130,"column":null}},"31":{"start":{"line":133,"column":4},"end":{"line":133,"column":null}},"32":{"start":{"line":132,"column":19},"end":{"line":132,"column":30}},"33":{"start":{"line":136,"column":4},"end":{"line":139,"column":null}},"34":{"start":{"line":57,"column":13},"end":{"line":148,"column":null}},"35":{"start":{"line":57,"column":13},"end":{"line":57,"column":17}}},"fnMap":{"0":{"name":"(anonymous_2)","decl":{"start":{"line":23,"column":0},"end":{"line":23,"column":5}},"loc":{"start":{"line":23,"column":32},"end":{"line":31,"column":1}}},"1":{"name":"(anonymous_3)","decl":{"start":{"line":32,"column":0},"end":{"line":32,"column":12}},"loc":{"start":{"line":32,"column":22},"end":{"line":34,"column":1}}},"2":{"name":"(anonymous_4)","decl":{"start":{"line":136,"column":4},"end":{"line":136,"column":10}},"loc":{"start":{"line":136,"column":73},"end":{"line":139,"column":5}}},"3":{"name":"(anonymous_5)","decl":{"start":{"line":141,"column":4},"end":{"line":141,"column":18}},"loc":{"start":{"line":141,"column":33},"end":{"line":145,"column":5}}},"4":{"name":"(anonymous_6)","decl":{"start":{"line":142,"column":15},"end":{"line":142,"column":20}},"loc":{"start":{"line":142,"column":60},"end":{"line":144,"column":9}}},"5":{"name":"(anonymous_7)","decl":{"start":{"line":111,"column":12},"end":{"line":111,"column":26}},"loc":{"start":{"line":111,"column":26},"end":{"line":115,"column":13}}},"6":{"name":"(anonymous_8)","decl":{"start":{"line":132,"column":13},"end":{"line":132,"column":16}},"loc":{"start":{"line":132,"column":19},"end":{"line":132,"column":30}}}},"branchMap":{"0":{"loc":{"start":{"line":23,"column":5},"end":{"line":23,"column":null}},"type":"binary-expr","locations":[{"start":{"line":23,"column":5},"end":{"line":23,"column":32}},{"start":{"line":23,"column":5},"end":{"line":23,"column":null}}]},"1":{"loc":{"start":{"line":32,"column":12},"end":{"line":32,"column":null}},"type":"binary-expr","locations":[{"start":{"line":32,"column":12},"end":{"line":32,"column":22}},{"start":{"line":32,"column":12},"end":{"line":32,"column":null}}]},"2":{"loc":{"start":{"line":112,"column":16},"end":{"line":114,"column":null}},"type":"if","locations":[{"start":{"line":112,"column":16},"end":{"line":114,"column":null}},{"start":{"line":112,"column":16},"end":{"line":114,"column":null}}]}},"s":{"0":4,"1":4,"2":4,"3":4,"4":4,"5":4,"6":4,"7":4,"8":4,"9":4,"10":4,"11":4,"12":4,"13":4,"14":4,"15":12,"16":12,"17":1,"18":1,"19":4,"20":4,"21":4,"22":4,"23":4,"24":4,"25":20,"26":1,"27":4,"28":4,"29":4,"30":4,"31":4,"32":8,"33":4,"34":4,"35":4},"f":{"0":4,"1":4,"2":12,"3":1,"4":1,"5":20,"6":8},"b":{"0":[4,4],"1":[4,4],"2":[1,19]}}
,"/Users/samvelsukiasian/Desktop/Спейсбу/spaceboo/routes/appointment.router.ts": {"path":"/Users/samvelsukiasian/Desktop/Спейсбу/spaceboo/routes/appointment.router.ts","statementMap":{"0":{"start":{"line":1,"column":0},"end":{"line":1,"column":33}},"1":{"start":{"line":2,"column":0},"end":{"line":2,"column":37}},"2":{"start":{"line":3,"column":0},"end":{"line":3,"column":78}},"3":{"start":{"line":4,"column":0},"end":{"line":4,"column":52}},"4":{"start":{"line":5,"column":0},"end":{"line":5,"column":65}},"5":{"start":{"line":9,"column":21},"end":{"line":9,"column":67}},"6":{"start":{"line":10,"column":21},"end":{"line":10,"column":41}},"7":{"start":{"line":11,"column":20},"end":{"line":11,"column":38}},"8":{"start":{"line":13,"column":11},"end":{"line":20,"column":6}},"9":{"start":{"line":14,"column":8},"end":{"line":19,"column":14}},"10":{"start":{"line":23,"column":26},"end":{"line":23,"column":88}},"11":{"start":{"line":25,"column":0},"end":{"line":25,"column":34}},"12":{"start":{"line":27,"column":13},"end":{"line":27,"column":47}}},"fnMap":{"0":{"name":"(anonymous_0)","decl":{"start":{"line":8,"column":0},"end":{"line":8,"column":6}},"loc":{"start":{"line":8,"column":0},"end":{"line":21,"column":1}}},"1":{"name":"(anonymous_1)","decl":{"start":{"line":13,"column":27},"end":{"line":13,"column":36}},"loc":{"start":{"line":13,"column":38},"end":{"line":20,"column":5}}}},"branchMap":{},"s":{"0":4,"1":4,"2":4,"3":4,"4":4,"5":4,"6":4,"7":4,"8":4,"9":4,"10":4,"11":4,"12":4},"f":{"0":4,"1":4},"b":{}}
,"/Users/samvelsukiasian/Desktop/Спейсбу/spaceboo/routes/auth.router.ts": {"path":"/Users/samvelsukiasian/Desktop/Спейсбу/spaceboo/routes/auth.router.ts","statementMap":{"0":{"start":{"line":1,"column":0},"end":{"line":1,"column":33}},"1":{"start":{"line":2,"column":0},"end":{"line":2,"column":37}},"2":{"start":{"line":3,"column":0},"end":{"line":3,"column":64}},"3":{"start":{"line":4,"column":0},"end":{"line":4,"column":52}},"4":{"start":{"line":5,"column":0},"end":{"line":5,"column":65}},"5":{"start":{"line":9,"column":21},"end":{"line":9,"column":53}},"6":{"start":{"line":10,"column":21},"end":{"line":10,"column":41}},"7":{"start":{"line":11,"column":20},"end":{"line":11,"column":38}},"8":{"start":{"line":14,"column":11},"end":{"line":29,"column":6}},"9":{"start":{"line":15,"column":8},"end":{"line":20,"column":14}},"10":{"start":{"line":21,"column":8},"end":{"line":21,"column":75}},"11":{"start":{"line":22,"column":8},"end":{"line":24,"column":101}},"12":{"start":{"line":24,"column":63},"end":{"line":24,"column":99}},"13":{"start":{"line":25,"column":8},"end":{"line":28,"column":11}},"14":{"start":{"line":26,"column":12},"end":{"line":26,"column":30}},"15":{"start":{"line":27,"column":12},"end":{"line":27,"column":38}},"16":{"start":{"line":33,"column":19},"end":{"line":33,"column":67}},"17":{"start":{"line":35,"column":0},"end":{"line":35,"column":27}},"18":{"start":{"line":37,"column":13},"end":{"line":37,"column":40}}},"fnMap":{"0":{"name":"(anonymous_0)","decl":{"start":{"line":8,"column":0},"end":{"line":8,"column":6}},"loc":{"start":{"line":8,"column":0},"end":{"line":30,"column":1}}},"1":{"name":"(anonymous_1)","decl":{"start":{"line":14,"column":27},"end":{"line":14,"column":null}},"loc":{"start":{"line":14,"column":27},"end":{"line":29,"column":5}}},"2":{"name":"(anonymous_2)","decl":{"start":{"line":24,"column":57},"end":{"line":24,"column":60}},"loc":{"start":{"line":24,"column":63},"end":{"line":24,"column":99}}},"3":{"name":"(anonymous_3)","decl":{"start":{"line":25,"column":52},"end":{"line":25,"column":53}},"loc":{"start":{"line":25,"column":65},"end":{"line":28,"column":9}}}},"branchMap":{},"s":{"0":4,"1":4,"2":4,"3":4,"4":4,"5":4,"6":4,"7":4,"8":4,"9":4,"10":4,"11":4,"12":0,"13":4,"14":0,"15":0,"16":4,"17":4,"18":4},"f":{"0":4,"1":4,"2":0,"3":0},"b":{}}
,"/Users/samvelsukiasian/Desktop/Спейсбу/spaceboo/routes/space.router.ts": {"path":"/Users/samvelsukiasian/Desktop/Спейсбу/spaceboo/routes/space.router.ts","statementMap":{"0":{"start":{"line":1,"column":0},"end":{"line":1,"column":33}},"1":{"start":{"line":2,"column":0},"end":{"line":2,"column":66}},"2":{"start":{"line":3,"column":0},"end":{"line":3,"column":65}},"3":{"start":{"line":7,"column":21},"end":{"line":7,"column":55}},"4":{"start":{"line":8,"column":20},"end":{"line":8,"column":38}},"5":{"start":{"line":10,"column":11},"end":{"line":14,"column":6}},"6":{"start":{"line":11,"column":8},"end":{"line":11,"column":70}},"7":{"start":{"line":12,"column":8},"end":{"line":12,"column":74}},"8":{"start":{"line":13,"column":8},"end":{"line":13,"column":73}},"9":{"start":{"line":17,"column":20},"end":{"line":17,"column":70}},"10":{"start":{"line":19,"column":0},"end":{"line":19,"column":28}},"11":{"start":{"line":21,"column":13},"end":{"line":21,"column":41}}},"fnMap":{"0":{"name":"(anonymous_0)","decl":{"start":{"line":6,"column":0},"end":{"line":6,"column":6}},"loc":{"start":{"line":6,"column":0},"end":{"line":15,"column":1}}},"1":{"name":"(anonymous_1)","decl":{"start":{"line":10,"column":27},"end":{"line":10,"column":null}},"loc":{"start":{"line":10,"column":27},"end":{"line":14,"column":5}}}},"branchMap":{},"s":{"0":4,"1":4,"2":4,"3":4,"4":4,"5":4,"6":4,"7":4,"8":4,"9":4,"10":4,"11":4},"f":{"0":4,"1":4},"b":{}}
,"/Users/samvelsukiasian/Desktop/Спейсбу/spaceboo/routes/user.router.ts": {"path":"/Users/samvelsukiasian/Desktop/Спейсбу/spaceboo/routes/user.router.ts","statementMap":{"0":{"start":{"line":1,"column":0},"end":{"line":1,"column":33}},"1":{"start":{"line":2,"column":0},"end":{"line":2,"column":64}},"2":{"start":{"line":3,"column":0},"end":{"line":3,"column":64}},"3":{"start":{"line":4,"column":0},"end":{"line":4,"column":65}},"4":{"start":{"line":8,"column":21},"end":{"line":8,"column":53}},"5":{"start":{"line":9,"column":21},"end":{"line":9,"column":53}},"6":{"start":{"line":10,"column":20},"end":{"line":10,"column":38}},"7":{"start":{"line":12,"column":11},"end":{"line":15,"column":6}},"8":{"start":{"line":13,"column":8},"end":{"line":13,"column":70}},"9":{"start":{"line":14,"column":8},"end":{"line":14,"column":69}},"10":{"start":{"line":18,"column":19},"end":{"line":18,"column":67}},"11":{"start":{"line":20,"column":0},"end":{"line":20,"column":27}},"12":{"start":{"line":22,"column":13},"end":{"line":22,"column":40}}},"fnMap":{"0":{"name":"(anonymous_0)","decl":{"start":{"line":7,"column":0},"end":{"line":7,"column":6}},"loc":{"start":{"line":7,"column":0},"end":{"line":16,"column":1}}},"1":{"name":"(anonymous_1)","decl":{"start":{"line":12,"column":27},"end":{"line":12,"column":null}},"loc":{"start":{"line":12,"column":27},"end":{"line":15,"column":5}}}},"branchMap":{},"s":{"0":4,"1":4,"2":4,"3":4,"4":4,"5":4,"6":4,"7":4,"8":4,"9":4,"10":4,"11":4,"12":4},"f":{"0":4,"1":4},"b":{}}
,"/Users/samvelsukiasian/Desktop/Спейсбу/spaceboo/types/enums.ts": {"path":"/Users/samvelsukiasian/Desktop/Спейсбу/spaceboo/types/enums.ts","statementMap":{"0":{"start":{"line":1,"column":0},"end":{"line":1,"column":null}},"1":{"start":{"line":2,"column":4},"end":{"line":2,"column":null}},"2":{"start":{"line":3,"column":4},"end":{"line":3,"column":null}},"3":{"start":{"line":4,"column":4},"end":{"line":4,"column":null}},"4":{"start":{"line":5,"column":4},"end":{"line":5,"column":null}},"5":{"start":{"line":6,"column":4},"end":{"line":6,"column":null}},"6":{"start":{"line":7,"column":4},"end":{"line":7,"column":null}},"7":{"start":{"line":8,"column":4},"end":{"line":8,"column":null}},"8":{"start":{"line":9,"column":4},"end":{"line":9,"column":null}},"9":{"start":{"line":10,"column":4},"end":{"line":10,"column":null}},"10":{"start":{"line":11,"column":4},"end":{"line":11,"column":null}},"11":{"start":{"line":12,"column":4},"end":{"line":12,"column":null}},"12":{"start":{"line":13,"column":4},"end":{"line":13,"column":null}},"13":{"start":{"line":14,"column":4},"end":{"line":14,"column":null}},"14":{"start":{"line":15,"column":4},"end":{"line":15,"column":null}},"15":{"start":{"line":16,"column":4},"end":{"line":16,"column":null}},"16":{"start":{"line":17,"column":4},"end":{"line":17,"column":null}},"17":{"start":{"line":18,"column":4},"end":{"line":18,"column":null}},"18":{"start":{"line":19,"column":4},"end":{"line":19,"column":null}},"19":{"start":{"line":20,"column":4},"end":{"line":20,"column":null}},"20":{"start":{"line":21,"column":4},"end":{"line":21,"column":null}},"21":{"start":{"line":22,"column":4},"end":{"line":22,"column":null}},"22":{"start":{"line":23,"column":4},"end":{"line":23,"column":null}},"23":{"start":{"line":24,"column":4},"end":{"line":24,"column":null}},"24":{"start":{"line":25,"column":4},"end":{"line":25,"column":null}},"25":{"start":{"line":26,"column":4},"end":{"line":26,"column":null}},"26":{"start":{"line":27,"column":4},"end":{"line":27,"column":null}},"27":{"start":{"line":28,"column":4},"end":{"line":28,"column":null}},"28":{"start":{"line":29,"column":4},"end":{"line":29,"column":null}},"29":{"start":{"line":30,"column":4},"end":{"line":30,"column":null}},"30":{"start":{"line":31,"column":4},"end":{"line":31,"column":null}},"31":{"start":{"line":32,"column":4},"end":{"line":32,"column":null}},"32":{"start":{"line":33,"column":4},"end":{"line":33,"column":null}},"33":{"start":{"line":34,"column":4},"end":{"line":34,"column":null}},"34":{"start":{"line":35,"column":4},"end":{"line":35,"column":null}},"35":{"start":{"line":36,"column":4},"end":{"line":36,"column":null}},"36":{"start":{"line":37,"column":4},"end":{"line":37,"column":null}},"37":{"start":{"line":38,"column":4},"end":{"line":38,"column":null}},"38":{"start":{"line":39,"column":4},"end":{"line":39,"column":null}},"39":{"start":{"line":40,"column":4},"end":{"line":40,"column":null}},"40":{"start":{"line":41,"column":4},"end":{"line":41,"column":null}},"41":{"start":{"line":42,"column":4},"end":{"line":42,"column":null}},"42":{"start":{"line":43,"column":4},"end":{"line":43,"column":null}},"43":{"start":{"line":44,"column":4},"end":{"line":44,"column":null}},"44":{"start":{"line":45,"column":4},"end":{"line":45,"column":null}},"45":{"start":{"line":46,"column":4},"end":{"line":46,"column":null}},"46":{"start":{"line":47,"column":4},"end":{"line":47,"column":null}},"47":{"start":{"line":48,"column":4},"end":{"line":48,"column":null}},"48":{"start":{"line":49,"column":4},"end":{"line":49,"column":null}},"49":{"start":{"line":52,"column":0},"end":{"line":52,"column":null}},"50":{"start":{"line":53,"column":4},"end":{"line":53,"column":null}},"51":{"start":{"line":54,"column":4},"end":{"line":54,"column":null}},"52":{"start":{"line":57,"column":0},"end":{"line":57,"column":null}},"53":{"start":{"line":58,"column":4},"end":{"line":58,"column":null}},"54":{"start":{"line":59,"column":4},"end":{"line":59,"column":null}},"55":{"start":{"line":63,"column":0},"end":{"line":63,"column":null}},"56":{"start":{"line":64,"column":4},"end":{"line":64,"column":null}},"57":{"start":{"line":65,"column":4},"end":{"line":65,"column":null}},"58":{"start":{"line":66,"column":4},"end":{"line":66,"column":null}},"59":{"start":{"line":67,"column":4},"end":{"line":67,"column":null}},"60":{"start":{"line":70,"column":0},"end":{"line":70,"column":null}},"61":{"start":{"line":71,"column":4},"end":{"line":71,"column":null}},"62":{"start":{"line":72,"column":4},"end":{"line":72,"column":null}},"63":{"start":{"line":73,"column":4},"end":{"line":73,"column":null}},"64":{"start":{"line":74,"column":4},"end":{"line":74,"column":null}},"65":{"start":{"line":75,"column":4},"end":{"line":75,"column":null}},"66":{"start":{"line":76,"column":4},"end":{"line":76,"column":null}},"67":{"start":{"line":79,"column":0},"end":{"line":79,"column":null}},"68":{"start":{"line":80,"column":4},"end":{"line":80,"column":null}},"69":{"start":{"line":81,"column":4},"end":{"line":81,"column":null}},"70":{"start":{"line":82,"column":4},"end":{"line":82,"column":null}},"71":{"start":{"line":85,"column":0},"end":{"line":85,"column":null}},"72":{"start":{"line":86,"column":4},"end":{"line":86,"column":null}},"73":{"start":{"line":87,"column":4},"end":{"line":87,"column":null}},"74":{"start":{"line":88,"column":4},"end":{"line":88,"column":null}},"75":{"start":{"line":89,"column":4},"end":{"line":89,"column":null}},"76":{"start":{"line":90,"column":4},"end":{"line":90,"column":null}},"77":{"start":{"line":91,"column":4},"end":{"line":91,"column":null}},"78":{"start":{"line":92,"column":4},"end":{"line":92,"column":null}},"79":{"start":{"line":95,"column":0},"end":{"line":95,"column":null}},"80":{"start":{"line":96,"column":4},"end":{"line":96,"column":null}},"81":{"start":{"line":97,"column":4},"end":{"line":97,"column":null}},"82":{"start":{"line":98,"column":4},"end":{"line":98,"column":null}},"83":{"start":{"line":101,"column":0},"end":{"line":101,"column":null}},"84":{"start":{"line":102,"column":4},"end":{"line":102,"column":null}},"85":{"start":{"line":103,"column":4},"end":{"line":103,"column":null}},"86":{"start":{"line":104,"column":4},"end":{"line":104,"column":null}},"87":{"start":{"line":107,"column":0},"end":{"line":107,"column":null}},"88":{"start":{"line":108,"column":4},"end":{"line":108,"column":null}},"89":{"start":{"line":109,"column":4},"end":{"line":109,"column":null}}},"fnMap":{"0":{"name":"(anonymous_0)","decl":{"start":{"line":1,"column":0},"end":{"line":1,"column":12}},"loc":{"start":{"line":1,"column":22},"end":{"line":50,"column":1}}},"1":{"name":"(anonymous_1)","decl":{"start":{"line":52,"column":0},"end":{"line":52,"column":12}},"loc":{"start":{"line":52,"column":24},"end":{"line":55,"column":1}}},"2":{"name":"(anonymous_2)","decl":{"start":{"line":57,"column":0},"end":{"line":57,"column":12}},"loc":{"start":{"line":57,"column":22},"end":{"line":60,"column":1}}},"3":{"name":"(anonymous_3)","decl":{"start":{"line":63,"column":0},"end":{"line":63,"column":12}},"loc":{"start":{"line":63,"column":21},"end":{"line":68,"column":1}}},"4":{"name":"(anonymous_4)","decl":{"start":{"line":70,"column":0},"end":{"line":70,"column":12}},"loc":{"start":{"line":70,"column":30},"end":{"line":77,"column":1}}},"5":{"name":"(anonymous_5)","decl":{"start":{"line":79,"column":0},"end":{"line":79,"column":12}},"loc":{"start":{"line":79,"column":28},"end":{"line":83,"column":1}}},"6":{"name":"(anonymous_6)","decl":{"start":{"line":85,"column":0},"end":{"line":85,"column":12}},"loc":{"start":{"line":85,"column":25},"end":{"line":93,"column":1}}},"7":{"name":"(anonymous_7)","decl":{"start":{"line":95,"column":0},"end":{"line":95,"column":12}},"loc":{"start":{"line":95,"column":23},"end":{"line":99,"column":1}}},"8":{"name":"(anonymous_8)","decl":{"start":{"line":101,"column":0},"end":{"line":101,"column":12}},"loc":{"start":{"line":101,"column":22},"end":{"line":105,"column":1}}},"9":{"name":"(anonymous_9)","decl":{"start":{"line":107,"column":0},"end":{"line":107,"column":12}},"loc":{"start":{"line":107,"column":30},"end":{"line":110,"column":1}}}},"branchMap":{"0":{"loc":{"start":{"line":1,"column":12},"end":{"line":1,"column":null}},"type":"binary-expr","locations":[{"start":{"line":1,"column":12},"end":{"line":1,"column":22}},{"start":{"line":1,"column":12},"end":{"line":1,"column":null}}]},"1":{"loc":{"start":{"line":52,"column":12},"end":{"line":52,"column":null}},"type":"binary-expr","locations":[{"start":{"line":52,"column":12},"end":{"line":52,"column":24}},{"start":{"line":52,"column":12},"end":{"line":52,"column":null}}]},"2":{"loc":{"start":{"line":57,"column":12},"end":{"line":57,"column":null}},"type":"binary-expr","locations":[{"start":{"line":57,"column":12},"end":{"line":57,"column":22}},{"start":{"line":57,"column":12},"end":{"line":57,"column":null}}]},"3":{"loc":{"start":{"line":63,"column":12},"end":{"line":63,"column":null}},"type":"binary-expr","locations":[{"start":{"line":63,"column":12},"end":{"line":63,"column":21}},{"start":{"line":63,"column":12},"end":{"line":63,"column":null}}]},"4":{"loc":{"start":{"line":70,"column":12},"end":{"line":70,"column":null}},"type":"binary-expr","locations":[{"start":{"line":70,"column":12},"end":{"line":70,"column":30}},{"start":{"line":70,"column":12},"end":{"line":70,"column":null}}]},"5":{"loc":{"start":{"line":79,"column":12},"end":{"line":79,"column":null}},"type":"binary-expr","locations":[{"start":{"line":79,"column":12},"end":{"line":79,"column":28}},{"start":{"line":79,"column":12},"end":{"line":79,"column":null}}]},"6":{"loc":{"start":{"line":85,"column":12},"end":{"line":85,"column":null}},"type":"binary-expr","locations":[{"start":{"line":85,"column":12},"end":{"line":85,"column":25}},{"start":{"line":85,"column":12},"end":{"line":85,"column":null}}]},"7":{"loc":{"start":{"line":95,"column":12},"end":{"line":95,"column":null}},"type":"binary-expr","locations":[{"start":{"line":95,"column":12},"end":{"line":95,"column":23}},{"start":{"line":95,"column":12},"end":{"line":95,"column":null}}]},"8":{"loc":{"start":{"line":101,"column":12},"end":{"line":101,"column":null}},"type":"binary-expr","locations":[{"start":{"line":101,"column":12},"end":{"line":101,"column":22}},{"start":{"line":101,"column":12},"end":{"line":101,"column":null}}]},"9":{"loc":{"start":{"line":107,"column":12},"end":{"line":107,"column":null}},"type":"binary-expr","locations":[{"start":{"line":107,"column":12},"end":{"line":107,"column":30}},{"start":{"line":107,"column":12},"end":{"line":107,"column":null}}]}},"s":{"0":4,"1":4,"2":4,"3":4,"4":4,"5":4,"6":4,"7":4,"8":4,"9":4,"10":4,"11":4,"12":4,"13":4,"14":4,"15":4,"16":4,"17":4,"18":4,"19":4,"20":4,"21":4,"22":4,"23":4,"24":4,"25":4,"26":4,"27":4,"28":4,"29":4,"30":4,"31":4,"32":4,"33":4,"34":4,"35":4,"36":4,"37":4,"38":4,"39":4,"40":4,"41":4,"42":4,"43":4,"44":4,"45":4,"46":4,"47":4,"48":4,"49":4,"50":4,"51":4,"52":4,"53":4,"54":4,"55":4,"56":4,"57":4,"58":4,"59":4,"60":4,"61":4,"62":4,"63":4,"64":4,"65":4,"66":4,"67":4,"68":4,"69":4,"70":4,"71":4,"72":4,"73":4,"74":4,"75":4,"76":4,"77":4,"78":4,"79":4,"80":4,"81":4,"82":4,"83":4,"84":4,"85":4,"86":4,"87":4,"88":4,"89":4},"f":{"0":4,"1":4,"2":4,"3":4,"4":4,"5":4,"6":4,"7":4,"8":4,"9":4},"b":{"0":[4,4],"1":[4,4],"2":[4,4],"3":[4,4],"4":[4,4],"5":[4,4],"6":[4,4],"7":[4,4],"8":[4,4],"9":[4,4]}}
,"/Users/samvelsukiasian/Desktop/Спейсбу/spaceboo/utils/AppError.ts": {"path":"/Users/samvelsukiasian/Desktop/Спейсбу/spaceboo/utils/AppError.ts","statementMap":{"0":{"start":{"line":7,"column":8},"end":{"line":7,"column":23}},"1":{"start":{"line":8,"column":8},"end":{"line":8,"column":37}},"2":{"start":{"line":9,"column":8},"end":{"line":9,"column":73}},"3":{"start":{"line":10,"column":8},"end":{"line":10,"column":34}},"4":{"start":{"line":12,"column":8},"end":{"line":12,"column":56}},"5":{"start":{"line":1,"column":0},"end":{"line":1,"column":21}}},"fnMap":{"0":{"name":"(anonymous_0)","decl":{"start":{"line":6,"column":4},"end":{"line":6,"column":16}},"loc":{"start":{"line":6,"column":51},"end":{"line":13,"column":5}}}},"branchMap":{"0":{"loc":{"start":{"line":9,"column":22},"end":{"line":9,"column":72}},"type":"cond-expr","locations":[{"start":{"line":9,"column":56},"end":{"line":9,"column":62}},{"start":{"line":9,"column":65},"end":{"line":9,"column":72}}]}},"s":{"0":1,"1":1,"2":1,"3":1,"4":1,"5":4},"f":{"0":1},"b":{"0":[1,0]}}
,"/Users/samvelsukiasian/Desktop/Спейсбу/spaceboo/utils/Singleton.ts": {"path":"/Users/samvelsukiasian/Desktop/Спейсбу/spaceboo/utils/Singleton.ts","statementMap":{"0":{"start":{"line":5,"column":8},"end":{"line":7,"column":null}},"1":{"start":{"line":6,"column":12},"end":{"line":6,"column":43}},"2":{"start":{"line":9,"column":8},"end":{"line":9,"column":29}},"3":{"start":{"line":1,"column":0},"end":{"line":1,"column":13}},"4":{"start":{"line":13,"column":0},"end":{"line":13,"column":13}},"5":{"start":{"line":14,"column":18},"end":{"line":16,"column":6}},"6":{"start":{"line":15,"column":8},"end":{"line":15,"column":46}}},"fnMap":{"0":{"name":"(anonymous_0)","decl":{"start":{"line":4,"column":11},"end":{"line":4,"column":17}},"loc":{"start":{"line":4,"column":54},"end":{"line":10,"column":5}}},"1":{"name":"(anonymous_1)","decl":{"start":{"line":14,"column":28},"end":{"line":14,"column":32}},"loc":{"start":{"line":14,"column":52},"end":{"line":16,"column":5}}}},"branchMap":{"0":{"loc":{"start":{"line":5,"column":8},"end":{"line":7,"column":null}},"type":"if","locations":[{"start":{"line":5,"column":8},"end":{"line":7,"column":null}},{"start":{"line":5,"column":8},"end":{"line":7,"column":null}}]}},"s":{"0":60,"1":56,"2":60,"3":4,"4":4,"5":4,"6":60},"f":{"0":60,"1":60},"b":{"0":[56,4]}}
,"/Users/samvelsukiasian/Desktop/Спейсбу/spaceboo/utils/UtilFunctions.ts": {"path":"/Users/samvelsukiasian/Desktop/Спейсбу/spaceboo/utils/UtilFunctions.ts","statementMap":{"0":{"start":{"line":2,"column":0},"end":{"line":2,"column":45}},"1":{"start":{"line":6,"column":18},"end":{"line":30,"column":6}},"2":{"start":{"line":7,"column":8},"end":{"line":29,"column":10}},"3":{"start":{"line":8,"column":12},"end":{"line":28,"column":null}},"4":{"start":{"line":9,"column":16},"end":{"line":12,"column":19}},"5":{"start":{"line":13,"column":19},"end":{"line":28,"column":null}},"6":{"start":{"line":14,"column":16},"end":{"line":17,"column":19}},"7":{"start":{"line":18,"column":19},"end":{"line":28,"column":null}},"8":{"start":{"line":19,"column":16},"end":{"line":23,"column":19}},"9":{"start":{"line":25,"column":16},"end":{"line":27,"column":19}},"10":{"start":{"line":32,"column":18},"end":{"line":86,"column":6}},"11":{"start":{"line":33,"column":8},"end":{"line":85,"column":15}},"12":{"start":{"line":35,"column":16},"end":{"line":35,"column":75}},"13":{"start":{"line":36,"column":16},"end":{"line":45,"column":19}},"14":{"start":{"line":37,"column":20},"end":{"line":40,"column":null}},"15":{"start":{"line":38,"column":24},"end":{"line":38,"column":43}},"16":{"start":{"line":39,"column":24},"end":{"line":39,"column":40}},"17":{"start":{"line":41,"column":20},"end":{"line":44,"column":23}},"18":{"start":{"line":42,"column":24},"end":{"line":42,"column":73}},"19":{"start":{"line":43,"column":24},"end":{"line":43,"column":40}},"20":{"start":{"line":48,"column":16},"end":{"line":48,"column":64}},"21":{"start":{"line":49,"column":16},"end":{"line":58,"column":19}},"22":{"start":{"line":50,"column":20},"end":{"line":53,"column":null}},"23":{"start":{"line":51,"column":24},"end":{"line":51,"column":43}},"24":{"start":{"line":52,"column":24},"end":{"line":52,"column":40}},"25":{"start":{"line":54,"column":20},"end":{"line":57,"column":23}},"26":{"start":{"line":55,"column":24},"end":{"line":55,"column":73}},"27":{"start":{"line":56,"column":24},"end":{"line":56,"column":40}},"28":{"start":{"line":61,"column":16},"end":{"line":61,"column":57}},"29":{"start":{"line":62,"column":16},"end":{"line":71,"column":19}},"30":{"start":{"line":63,"column":20},"end":{"line":66,"column":null}},"31":{"start":{"line":64,"column":24},"end":{"line":64,"column":43}},"32":{"start":{"line":65,"column":24},"end":{"line":65,"column":40}},"33":{"start":{"line":67,"column":20},"end":{"line":70,"column":23}},"34":{"start":{"line":68,"column":24},"end":{"line":68,"column":73}},"35":{"start":{"line":69,"column":24},"end":{"line":69,"column":40}},"36":{"start":{"line":74,"column":16},"end":{"line":74,"column":56}},"37":{"start":{"line":75,"column":16},"end":{"line":84,"column":19}},"38":{"start":{"line":76,"column":20},"end":{"line":79,"column":null}},"39":{"start":{"line":77,"column":24},"end":{"line":77,"column":43}},"40":{"start":{"line":78,"column":24},"end":{"line":78,"column":40}},"41":{"start":{"line":80,"column":20},"end":{"line":83,"column":23}},"42":{"start":{"line":81,"column":24},"end":{"line":81,"column":73}},"43":{"start":{"line":82,"column":24},"end":{"line":82,"column":40}},"44":{"start":{"line":88,"column":18},"end":{"line":92,"column":6}},"45":{"start":{"line":89,"column":8},"end":{"line":91,"column":10}},"46":{"start":{"line":90,"column":12},"end":{"line":90,"column":43}},"47":{"start":{"line":94,"column":18},"end":{"line":100,"column":6}},"48":{"start":{"line":95,"column":37},"end":{"line":95,"column":65}},"49":{"start":{"line":96,"column":29},"end":{"line":96,"column":52}},"50":{"start":{"line":97,"column":30},"end":{"line":97,"column":77}},"51":{"start":{"line":99,"column":8},"end":{"line":99,"column":113}},"52":{"start":{"line":104,"column":19},"end":{"line":106,"column":6}},"53":{"start":{"line":105,"column":8},"end":{"line":105,"column":52}},"54":{"start":{"line":108,"column":18},"end":{"line":121,"column":6}},"55":{"start":{"line":109,"column":21},"end":{"line":109,"column":39}},"56":{"start":{"line":110,"column":22},"end":{"line":110,"column":85}},"57":{"start":{"line":111,"column":20},"end":{"line":111,"column":78}},"58":{"start":{"line":112,"column":22},"end":{"line":112,"column":81}},"59":{"start":{"line":113,"column":24},"end":{"line":113,"column":85}},"60":{"start":{"line":114,"column":24},"end":{"line":114,"column":85}},"61":{"start":{"line":115,"column":32},"end":{"line":115,"column":61}},"62":{"start":{"line":116,"column":8},"end":{"line":116,"column":65}},"63":{"start":{"line":118,"column":8},"end":{"line":120,"column":12}},"64":{"start":{"line":124,"column":0},"end":{"line":124,"column":29}}},"fnMap":{"0":{"name":"(anonymous_0)","decl":{"start":{"line":6,"column":33},"end":{"line":6,"column":34}},"loc":{"start":{"line":6,"column":117},"end":{"line":30,"column":5}}},"1":{"name":"(anonymous_1)","decl":{"start":{"line":7,"column":15},"end":{"line":7,"column":16}},"loc":{"start":{"line":7,"column":74},"end":{"line":29,"column":9}}},"2":{"name":"(anonymous_2)","decl":{"start":{"line":32,"column":32},"end":{"line":32,"column":33}},"loc":{"start":{"line":32,"column":48},"end":{"line":86,"column":5}}},"3":{"name":"(anonymous_3)","decl":{"start":{"line":34,"column":38},"end":{"line":34,"column":39}},"loc":{"start":{"line":34,"column":52},"end":{"line":46,"column":13}}},"4":{"name":"(anonymous_4)","decl":{"start":{"line":36,"column":29},"end":{"line":36,"column":30}},"loc":{"start":{"line":36,"column":42},"end":{"line":45,"column":17}}},"5":{"name":"(anonymous_5)","decl":{"start":{"line":41,"column":63},"end":{"line":41,"column":66}},"loc":{"start":{"line":41,"column":68},"end":{"line":44,"column":21}}},"6":{"name":"(anonymous_6)","decl":{"start":{"line":47,"column":37},"end":{"line":47,"column":38}},"loc":{"start":{"line":47,"column":45},"end":{"line":59,"column":13}}},"7":{"name":"(anonymous_7)","decl":{"start":{"line":49,"column":29},"end":{"line":49,"column":30}},"loc":{"start":{"line":49,"column":42},"end":{"line":58,"column":17}}},"8":{"name":"(anonymous_8)","decl":{"start":{"line":54,"column":63},"end":{"line":54,"column":66}},"loc":{"start":{"line":54,"column":68},"end":{"line":57,"column":21}}},"9":{"name":"(anonymous_9)","decl":{"start":{"line":60,"column":27},"end":{"line":60,"column":30}},"loc":{"start":{"line":60,"column":32},"end":{"line":72,"column":13}}},"10":{"name":"(anonymous_10)","decl":{"start":{"line":62,"column":29},"end":{"line":62,"column":30}},"loc":{"start":{"line":62,"column":42},"end":{"line":71,"column":17}}},"11":{"name":"(anonymous_11)","decl":{"start":{"line":67,"column":63},"end":{"line":67,"column":66}},"loc":{"start":{"line":67,"column":68},"end":{"line":70,"column":21}}},"12":{"name":"(anonymous_12)","decl":{"start":{"line":73,"column":26},"end":{"line":73,"column":null}},"loc":{"start":{"line":73,"column":26},"end":{"line":85,"column":13}}},"13":{"name":"(anonymous_13)","decl":{"start":{"line":75,"column":29},"end":{"line":75,"column":30}},"loc":{"start":{"line":75,"column":42},"end":{"line":84,"column":17}}},"14":{"name":"(anonymous_14)","decl":{"start":{"line":80,"column":63},"end":{"line":80,"column":66}},"loc":{"start":{"line":80,"column":68},"end":{"line":83,"column":21}}},"15":{"name":"(anonymous_15)","decl":{"start":{"line":88,"column":31},"end":{"line":88,"column":32}},"loc":{"start":{"line":88,"column":38},"end":{"line":92,"column":5}}},"16":{"name":"(anonymous_16)","decl":{"start":{"line":89,"column":15},"end":{"line":89,"column":16}},"loc":{"start":{"line":89,"column":34},"end":{"line":91,"column":9}}},"17":{"name":"(anonymous_17)","decl":{"start":{"line":94,"column":35},"end":{"line":94,"column":36}},"loc":{"start":{"line":94,"column":64},"end":{"line":100,"column":5}}},"18":{"name":"(anonymous_18)","decl":{"start":{"line":104,"column":50},"end":{"line":104,"column":51}},"loc":{"start":{"line":104,"column":60},"end":{"line":106,"column":5}}},"19":{"name":"(anonymous_19)","decl":{"start":{"line":108,"column":37},"end":{"line":108,"column":38}},"loc":{"start":{"line":108,"column":78},"end":{"line":121,"column":5}}}},"branchMap":{"0":{"loc":{"start":{"line":8,"column":12},"end":{"line":28,"column":null}},"type":"if","locations":[{"start":{"line":8,"column":12},"end":{"line":28,"column":null}},{"start":{"line":8,"column":12},"end":{"line":28,"column":null}}]},"1":{"loc":{"start":{"line":8,"column":16},"end":{"line":8,"column":32}},"type":"binary-expr","locations":[{"start":{"line":8,"column":16},"end":{"line":8,"column":24}},{"start":{"line":8,"column":28},"end":{"line":8,"column":32}}]},"2":{"loc":{"start":{"line":13,"column":19},"end":{"line":28,"column":null}},"type":"if","locations":[{"start":{"line":13,"column":19},"end":{"line":28,"column":null}},{"start":{"line":13,"column":19},"end":{"line":28,"column":null}}]},"3":{"loc":{"start":{"line":13,"column":23},"end":{"line":13,"column":39}},"type":"binary-expr","locations":[{"start":{"line":13,"column":23},"end":{"line":13,"column":30}},{"start":{"line":13,"column":34},"end":{"line":13,"column":39}}]},"4":{"loc":{"start":{"line":18,"column":19},"end":{"line":28,"column":null}},"type":"if","locations":[{"start":{"line":18,"column":19},"end":{"line":28,"column":null}},{"start":{"line":18,"column":19},"end":{"line":28,"column":null}}]},"5":{"loc":{"start":{"line":18,"column":23},"end":{"line":18,"column":38}},"type":"binary-expr","locations":[{"start":{"line":18,"column":23},"end":{"line":18,"column":30}},{"start":{"line":18,"column":34},"end":{"line":18,"column":38}}]},"6":{"loc":{"start":{"line":37,"column":20},"end":{"line":40,"column":null}},"type":"if","locations":[{"start":{"line":37,"column":20},"end":{"line":40,"column":null}},{"start":{"line":37,"column":20},"end":{"line":40,"column":null}}]},"7":{"loc":{"start":{"line":50,"column":20},"end":{"line":53,"column":null}},"type":"if","locations":[{"start":{"line":50,"column":20},"end":{"line":53,"column":null}},{"start":{"line":50,"column":20},"end":{"line":53,"column":null}}]},"8":{"loc":{"start":{"line":63,"column":20},"end":{"line":66,"column":null}},"type":"if","locations":[{"start":{"line":63,"column":20},"end":{"line":66,"column":null}},{"start":{"line":63,"column":20},"end":{"line":66,"column":null}}]},"9":{"loc":{"start":{"line":76,"column":20},"end":{"line":79,"column":null}},"type":"if","locations":[{"start":{"line":76,"column":20},"end":{"line":79,"column":null}},{"start":{"line":76,"column":20},"end":{"line":79,"column":null}}]},"10":{"loc":{"start":{"line":99,"column":15},"end":{"line":99,"column":112}},"type":"cond-expr","locations":[{"start":{"line":99,"column":36},"end":{"line":99,"column":73}},{"start":{"line":99,"column":76},"end":{"line":99,"column":112}}]},"11":{"loc":{"start":{"line":105,"column":15},"end":{"line":105,"column":51}},"type":"cond-expr","locations":[{"start":{"line":105,"column":27},"end":{"line":105,"column":37}},{"start":{"line":105,"column":40},"end":{"line":105,"column":51}}]}},"s":{"0":4,"1":4,"2":3,"3":3,"4":0,"5":3,"6":0,"7":3,"8":3,"9":0,"10":4,"11":0,"12":0,"13":0,"14":0,"15":0,"16":0,"17":0,"18":0,"19":0,"20":0,"21":0,"22":0,"23":0,"24":0,"25":0,"26":0,"27":0,"28":0,"29":0,"30":0,"31":0,"32":0,"33":0,"34":0,"35":0,"36":0,"37":0,"38":0,"39":0,"40":0,"41":0,"42":0,"43":0,"44":4,"45":44,"46":4,"47":4,"48":4,"49":4,"50":4,"51":4,"52":4,"53":0,"54":4,"55":0,"56":0,"57":0,"58":0,"59":0,"60":0,"61":0,"62":0,"63":0,"64":4},"f":{"0":3,"1":3,"2":0,"3":0,"4":0,"5":0,"6":0,"7":0,"8":0,"9":0,"10":0,"11":0,"12":0,"13":0,"14":0,"15":44,"16":4,"17":4,"18":0,"19":0},"b":{"0":[0,3],"1":[3,0],"2":[0,3],"3":[3,3],"4":[3,0],"5":[3,3],"6":[0,0],"7":[0,0],"8":[0,0],"9":[0,0],"10":[4,0],"11":[0,0]}}
}
