TN:
SF:App.ts
FN:21,(anonymous_0)
FN:34,(anonymous_1)
FN:46,(anonymous_2)
FNF:3
FNH:3
FNDA:4,(anonymous_0)
FNDA:8,(anonymous_1)
FNDA:8,(anonymous_2)
DA:1,4
DA:2,4
DA:4,4
DA:5,4
DA:6,4
DA:7,4
DA:8,4
DA:9,4
DA:10,4
DA:11,4
DA:12,4
DA:13,4
DA:14,4
DA:15,4
DA:16,4
DA:17,4
DA:19,4
DA:21,4
DA:22,4
DA:23,4
DA:24,4
DA:36,8
DA:37,8
DA:38,8
DA:39,8
DA:40,8
DA:41,8
DA:42,8
DA:43,8
DA:49,8
DA:53,4
DA:55,4
DA:56,4
DA:58,4
LF:34
LH:34
BRDA:26,0,0,4
BRDA:26,0,1,4
BRDA:27,1,0,4
BRDA:27,1,1,0
BRDA:28,2,0,4
BRDA:28,2,1,0
BRDA:29,3,0,4
BRDA:29,3,1,0
BRDA:30,4,0,4
BRDA:30,4,1,0
BRF:10
BRH:6
end_of_record
TN:
SF:__tests__/lib.ts
FN:17,(anonymous_0)
FN:18,(anonymous_1)
FN:23,(anonymous_2)
FN:27,(anonymous_3)
FN:31,(anonymous_4)
FN:36,(anonymous_5)
FN:38,(anonymous_6)
FN:46,(anonymous_7)
FN:50,(anonymous_8)
FN:60,(anonymous_9)
FN:74,(anonymous_10)
FN:87,(anonymous_11)
FN:101,(anonymous_12)
FN:105,(anonymous_13)
FN:121,(anonymous_14)
FN:133,(anonymous_15)
FN:144,(anonymous_16)
FNF:17
FNH:16
FNDA:4,(anonymous_0)
FNDA:2,(anonymous_1)
FNDA:4,(anonymous_2)
FNDA:4,(anonymous_3)
FNDA:4,(anonymous_4)
FNDA:21,(anonymous_5)
FNDA:105,(anonymous_6)
FNDA:4,(anonymous_7)
FNDA:22,(anonymous_8)
FNDA:1,(anonymous_9)
FNDA:8,(anonymous_10)
FNDA:9,(anonymous_11)
FNDA:20,(anonymous_12)
FNDA:4,(anonymous_13)
FNDA:0,(anonymous_14)
FNDA:4,(anonymous_15)
FNDA:4,(anonymous_16)
DA:2,4
DA:3,4
DA:4,4
DA:6,4
DA:8,4
DA:9,4
DA:10,4
DA:11,4
DA:12,4
DA:13,4
DA:15,4
DA:17,4
DA:18,4
DA:19,2
DA:23,4
DA:24,4
DA:27,4
DA:28,4
DA:31,4
DA:32,4
DA:33,4
DA:36,4
DA:37,21
DA:39,105
DA:40,84
DA:46,4
DA:47,4
DA:50,4
DA:51,22
DA:60,4
DA:61,1
DA:74,4
DA:80,8
DA:81,8
DA:83,8
DA:87,4
DA:88,9
DA:101,4
DA:102,20
DA:105,4
DA:106,4
DA:107,4
DA:108,4
DA:109,4
DA:110,4
DA:111,4
DA:112,4
DA:113,4
DA:114,4
DA:116,4
DA:121,4
DA:122,0
DA:124,0
DA:126,0
DA:129,0
DA:133,4
DA:134,4
DA:135,4
DA:136,4
DA:137,4
DA:139,4
DA:144,4
DA:145,4
DA:146,4
LF:64
LH:60
BRDA:39,0,0,84
BRDA:39,0,1,21
BRDA:102,1,0,8
BRDA:102,1,1,12
BRDA:124,2,0,0
BRDA:124,2,1,0
BRF:6
BRH:4
end_of_record
TN:
SF:configurations/dao.config.ts
FN:6,(anonymous_0)
FNF:1
FNH:0
FNDA:0,(anonymous_0)
DA:1,4
DA:3,4
DA:7,0
LF:3
LH:2
BRDA:6,0,0,0
BRF:1
BRH:0
end_of_record
TN:
SF:configurations/passport.config.ts
FN:16,(anonymous_0)
FN:21,(anonymous_1)
FN:25,(anonymous_2)
FN:29,(anonymous_3)
FN:60,(anonymous_4)
FN:63,(anonymous_5)
FN:77,myVerifyCallbackFn
FN:80,(anonymous_7)
FN:96,(anonymous_8)
FN:97,(anonymous_9)
FN:112,(anonymous_10)
FN:132,(anonymous_11)
FN:133,(anonymous_12)
FN:137,(anonymous_13)
FNF:14
FNH:4
FNDA:4,(anonymous_0)
FNDA:8,(anonymous_1)
FNDA:8,(anonymous_2)
FNDA:2,(anonymous_3)
FNDA:0,(anonymous_4)
FNDA:0,(anonymous_5)
FNDA:0,myVerifyCallbackFn
FNDA:0,(anonymous_7)
FNDA:0,(anonymous_8)
FNDA:0,(anonymous_9)
FNDA:0,(anonymous_10)
FNDA:0,(anonymous_11)
FNDA:0,(anonymous_12)
FNDA:0,(anonymous_13)
DA:1,4
DA:3,4
DA:4,4
DA:5,4
DA:6,4
DA:7,4
DA:8,4
DA:9,4
DA:10,4
DA:11,4
DA:12,4
DA:13,4
DA:16,4
DA:17,4
DA:18,4
DA:19,4
DA:22,8
DA:26,8
DA:30,2
DA:32,2
DA:34,2
DA:35,1
DA:38,1
DA:39,0
DA:42,1
DA:44,1
DA:46,1
DA:47,1
DA:53,8
DA:61,0
DA:64,0
DA:70,8
DA:78,0
DA:81,0
DA:88,8
DA:97,0
DA:98,0
DA:104,8
DA:113,0
DA:114,0
DA:115,0
DA:117,0
DA:118,0
DA:120,0
DA:123,0
DA:125,0
DA:133,0
DA:134,0
DA:137,0
DA:138,0
DA:139,0
DA:140,0
DA:142,0
DA:148,4
LF:54
LH:32
BRDA:34,0,0,1
BRDA:34,0,1,1
BRDA:38,1,0,0
BRDA:38,1,1,1
BRDA:117,2,0,0
BRDA:117,2,1,0
BRF:6
BRH:3
end_of_record
TN:
SF:controllers/appointment.controller.ts
FN:9,(anonymous_0)
FN:12,(anonymous_1)
FNF:2
FNH:1
FNDA:4,(anonymous_0)
FNDA:0,(anonymous_1)
DA:1,4
DA:2,4
DA:3,4
DA:4,4
DA:5,4
DA:7,4
DA:9,4
DA:10,4
DA:12,4
DA:13,0
DA:14,0
DA:15,0
DA:17,0
DA:22,4
LF:14
LH:10
BRF:0
BRH:0
end_of_record
TN:
SF:controllers/auth.controller.ts
FN:12,(anonymous_0)
FN:15,(anonymous_1)
FN:23,(anonymous_2)
FN:30,(anonymous_3)
FN:32,(anonymous_4)
FNF:5
FNH:3
FNDA:4,(anonymous_0)
FNDA:3,(anonymous_1)
FNDA:0,(anonymous_2)
FNDA:0,(anonymous_3)
FNDA:2,(anonymous_4)
DA:2,4
DA:3,4
DA:4,4
DA:5,4
DA:6,4
DA:7,4
DA:8,4
DA:10,4
DA:12,4
DA:13,4
DA:15,4
DA:16,3
DA:18,2
DA:19,2
DA:23,4
DA:24,0
DA:26,0
DA:27,0
DA:30,4
DA:32,4
DA:33,2
DA:34,2
DA:35,2
DA:41,2
DA:42,0
DA:45,2
DA:49,4
LF:27
LH:23
BRDA:41,0,0,0
BRDA:41,0,1,2
BRF:2
BRH:1
end_of_record
TN:
SF:controllers/error.controller.ts
FN:5,(anonymous_0)
FN:15,(anonymous_1)
FN:31,(anonymous_2)
FN:40,(anonymous_3)
FNF:4
FNH:2
FNDA:0,(anonymous_0)
FNDA:0,(anonymous_1)
FNDA:2,(anonymous_2)
FNDA:2,(anonymous_3)
DA:2,4
DA:5,4
DA:6,0
DA:7,0
DA:15,4
DA:16,0
DA:17,0
DA:18,0
DA:23,0
DA:24,0
DA:31,4
DA:32,2
DA:33,1
DA:40,4
DA:46,2
DA:47,2
DA:49,2
DA:51,0
DA:52,0
DA:55,2
DA:56,2
DA:59,0
DA:60,0
DA:65,4
LF:24
LH:13
BRDA:16,0,0,0
BRDA:16,0,1,0
BRDA:32,1,0,1
BRDA:32,1,1,1
BRDA:46,2,0,2
BRDA:46,2,1,1
BRDA:47,3,0,2
BRDA:47,3,1,0
BRDA:49,4,0,0
BRDA:49,4,1,2
BRDA:49,4,2,0
BRF:11
BRH:6
end_of_record
TN:
SF:controllers/space.controller.ts
FN:9,(anonymous_0)
FN:12,(anonymous_1)
FN:18,(anonymous_2)
FN:25,(anonymous_3)
FN:33,(anonymous_4)
FN:40,(anonymous_5)
FN:43,(anonymous_6)
FN:44,(anonymous_7)
FNF:8
FNH:2
FNDA:4,(anonymous_0)
FNDA:1,(anonymous_1)
FNDA:0,(anonymous_2)
FNDA:0,(anonymous_3)
FNDA:0,(anonymous_4)
FNDA:0,(anonymous_5)
FNDA:0,(anonymous_6)
FNDA:0,(anonymous_7)
DA:1,4
DA:2,4
DA:3,4
DA:4,4
DA:5,4
DA:7,4
DA:9,4
DA:10,4
DA:12,4
DA:13,1
DA:15,1
DA:18,4
DA:19,0
DA:21,0
DA:25,4
DA:26,0
DA:28,0
DA:30,0
DA:33,4
DA:35,0
DA:37,0
DA:40,4
DA:43,4
DA:44,4
DA:48,4
LF:25
LH:18
BRF:0
BRH:0
end_of_record
TN:
SF:controllers/user.controller.ts
FN:5,(anonymous_0)
FN:8,(anonymous_1)
FNF:2
FNH:1
FNDA:4,(anonymous_0)
FNDA:0,(anonymous_1)
DA:1,4
DA:2,4
DA:3,4
DA:6,4
DA:8,4
DA:9,0
DA:13,4
LF:7
LH:6
BRF:0
BRH:0
end_of_record
TN:
SF:daos/appointment.sequelize.dao.ts
FN:6,(anonymous_0)
FN:13,(anonymous_1)
FN:19,(anonymous_2)
FN:9,(anonymous_3)
FNF:4
FNH:1
FNDA:4,(anonymous_0)
FNDA:0,(anonymous_1)
FNDA:0,(anonymous_2)
FNDA:0,(anonymous_3)
DA:2,4
DA:3,4
DA:4,4
DA:6,4
DA:7,4
DA:10,0
DA:13,4
DA:16,0
DA:19,4
DA:39,4
LF:10
LH:8
BRF:0
BRH:0
end_of_record
TN:
SF:daos/auth.sequelize.dao.ts
FN:7,(anonymous_0)
FN:14,(anonymous_1)
FN:10,(anonymous_2)
FNF:3
FNH:3
FNDA:4,(anonymous_0)
FNDA:3,(anonymous_1)
FNDA:2,(anonymous_2)
DA:1,4
DA:2,4
DA:3,4
DA:4,4
DA:5,4
DA:7,4
DA:8,4
DA:11,2
DA:14,4
DA:16,3
DA:17,2
DA:19,1
DA:24,4
LF:13
LH:13
BRDA:16,0,0,2
BRDA:16,0,1,1
BRDA:16,1,0,3
BRDA:16,1,1,2
BRF:4
BRH:4
end_of_record
TN:
SF:daos/space.sequelize.dao.ts
FN:16,(anonymous_0)
FN:22,(anonymous_1)
FN:27,(anonymous_2)
FN:35,(anonymous_3)
FN:39,(anonymous_4)
FN:88,(anonymous_5)
FN:94,(anonymous_6)
FN:96,(anonymous_7)
FN:112,(anonymous_8)
FN:30,(anonymous_9)
FNF:10
FNH:5
FNDA:4,(anonymous_0)
FNDA:4,(anonymous_1)
FNDA:4,(anonymous_2)
FNDA:1,(anonymous_3)
FNDA:0,(anonymous_4)
FNDA:0,(anonymous_5)
FNDA:0,(anonymous_6)
FNDA:0,(anonymous_7)
FNDA:0,(anonymous_8)
FNDA:1,(anonymous_9)
DA:1,4
DA:2,4
DA:5,4
DA:6,4
DA:7,4
DA:16,4
DA:17,4
DA:18,4
DA:19,4
DA:20,4
DA:22,4
DA:23,4
DA:24,4
DA:27,4
DA:28,4
DA:31,1
DA:35,4
DA:36,1
DA:39,4
DA:40,0
DA:41,0
DA:42,0
DA:43,0
DA:44,0
DA:45,0
DA:49,0
DA:58,0
DA:65,0
DA:75,0
DA:79,0
DA:80,0
DA:81,0
DA:84,0
DA:88,4
DA:89,0
DA:90,0
DA:94,4
DA:96,4
DA:97,0
DA:99,0
DA:102,0
DA:105,0
DA:108,0
DA:112,4
DA:115,4
LF:45
LH:24
BRDA:16,0,0,4
BRDA:16,0,1,4
BRDA:22,1,0,4
BRDA:22,1,1,4
BRDA:50,2,0,0
BRDA:50,2,1,0
BRDA:53,3,0,0
BRDA:53,3,1,0
BRDA:54,4,0,0
BRDA:54,4,1,0
BRDA:58,5,0,0
BRDA:58,5,1,0
BRDA:58,6,0,0
BRDA:58,6,1,0
BRDA:79,7,0,0
BRDA:79,7,1,0
BRDA:80,8,0,0
BRDA:80,8,1,0
BRDA:81,9,0,0
BRDA:81,9,1,0
BRDA:81,10,0,0
BRDA:81,10,1,0
BRDA:97,11,0,0
BRDA:97,11,1,0
BRDA:97,11,2,0
BRDA:97,11,3,0
BRF:26
BRH:4
end_of_record
TN:
SF:daos/user.sequelize.dao.ts
FN:5,(anonymous_0)
FN:13,(anonymous_1)
FN:8,(anonymous_2)
FNF:3
FNH:1
FNDA:4,(anonymous_0)
FNDA:0,(anonymous_1)
FNDA:0,(anonymous_2)
DA:1,4
DA:2,4
DA:3,4
DA:5,4
DA:6,4
DA:9,0
DA:13,4
DA:14,0
DA:18,4
LF:9
LH:7
BRF:0
BRH:0
end_of_record
TN:
SF:database/connectToDb.ts
FN:5,(anonymous_0)
FNF:1
FNH:1
FNDA:4,(anonymous_0)
DA:2,4
DA:3,4
DA:5,4
DA:6,4
DA:7,4
DA:8,4
DA:9,4
DA:10,4
DA:15,0
DA:17,0
DA:18,0
DA:21,0
DA:22,0
LF:13
LH:8
BRDA:7,0,0,0
BRDA:7,0,1,4
BRDA:9,1,0,4
BRDA:9,1,1,0
BRDA:15,2,0,0
BRDA:15,2,1,0
BRDA:16,3,0,0
BRDA:16,3,1,0
BRF:8
BRH:2
end_of_record
TN:
SF:loggers/logger.ts
FNF:0
FNH:0
DA:1,4
DA:3,4
DA:10,4
DA:11,4
DA:18,4
LF:5
LH:5
BRDA:10,0,0,4
BRDA:10,0,1,0
BRF:2
BRH:1
end_of_record
TN:
SF:models/appointment.model.ts
FN:37,(anonymous_2)
FN:41,(anonymous_3)
FN:45,(anonymous_4)
FN:48,(anonymous_5)
FNF:4
FNH:4
FNDA:24,(anonymous_2)
FNDA:8,(anonymous_3)
FNDA:8,(anonymous_4)
FNDA:8,(anonymous_5)
DA:1,4
DA:3,4
DA:4,4
DA:26,4
DA:32,4
DA:35,4
DA:37,24
DA:39,4
DA:41,8
DA:43,4
DA:45,8
DA:46,4
DA:48,8
DA:49,4
LF:14
LH:14
BRF:0
BRH:0
end_of_record
TN:
SF:models/city.model.ts
FNF:0
FNH:0
DA:1,4
DA:23,4
DA:27,4
DA:30,4
DA:33,4
DA:36,4
DA:39,4
DA:42,4
DA:45,4
DA:48,4
DA:51,4
DA:54,4
DA:57,4
DA:60,4
DA:63,4
LF:15
LH:15
BRF:0
BRH:0
end_of_record
TN:
SF:models/space.model.ts
FN:34,(anonymous_2)
FN:38,(anonymous_3)
FN:60,(anonymous_4)
FN:64,(anonymous_5)
FN:70,(anonymous_6)
FN:74,(anonymous_7)
FN:86,(anonymous_8)
FNF:7
FNH:7
FNDA:4,(anonymous_2)
FNDA:4,(anonymous_3)
FNDA:12,(anonymous_4)
FNDA:8,(anonymous_5)
FNDA:4,(anonymous_6)
FNDA:8,(anonymous_7)
FNDA:8,(anonymous_8)
DA:1,4
DA:3,4
DA:4,4
DA:5,4
DA:34,4
DA:35,4
DA:36,4
DA:38,4
DA:39,4
DA:40,4
DA:44,4
DA:47,4
DA:50,4
DA:53,4
DA:56,4
DA:60,12
DA:62,4
DA:64,8
DA:65,4
DA:68,4
DA:70,4
DA:72,4
DA:74,8
DA:75,4
DA:78,4
DA:81,4
DA:84,4
DA:86,8
DA:87,4
LF:29
LH:29
BRDA:34,0,0,4
BRDA:34,0,1,4
BRDA:38,1,0,4
BRDA:38,1,1,4
BRF:4
BRH:4
end_of_record
TN:
SF:models/test.model.ts
FNF:0
FNH:0
DA:1,4
DA:15,4
DA:18,4
DA:21,4
DA:24,4
LF:5
LH:5
BRF:0
BRH:0
end_of_record
TN:
SF:models/user.model.ts
FN:23,(anonymous_2)
FN:32,(anonymous_3)
FN:136,(anonymous_4)
FN:141,(anonymous_5)
FN:142,(anonymous_6)
FN:111,(anonymous_7)
FN:132,(anonymous_8)
FNF:7
FNH:7
FNDA:4,(anonymous_2)
FNDA:4,(anonymous_3)
FNDA:12,(anonymous_4)
FNDA:1,(anonymous_5)
FNDA:1,(anonymous_6)
FNDA:20,(anonymous_7)
FNDA:8,(anonymous_8)
DA:1,4
DA:3,4
DA:4,4
DA:5,4
DA:23,4
DA:24,4
DA:25,4
DA:26,4
DA:27,4
DA:28,4
DA:29,4
DA:30,4
DA:32,4
DA:33,4
DA:57,4
DA:60,4
DA:76,4
DA:86,4
DA:96,4
DA:106,4
DA:112,20
DA:113,1
DA:118,4
DA:121,4
DA:124,4
DA:127,4
DA:130,4
DA:132,8
DA:133,4
DA:136,4
DA:137,12
DA:138,12
DA:142,1
DA:143,1
LF:34
LH:34
BRDA:23,0,0,4
BRDA:23,0,1,4
BRDA:32,1,0,4
BRDA:32,1,1,4
BRDA:112,2,0,1
BRDA:112,2,1,19
BRF:6
BRH:6
end_of_record
TN:
SF:routes/appointment.router.ts
FN:8,(anonymous_0)
FN:13,(anonymous_1)
FNF:2
FNH:2
FNDA:4,(anonymous_0)
FNDA:4,(anonymous_1)
DA:1,4
DA:2,4
DA:3,4
DA:4,4
DA:5,4
DA:9,4
DA:10,4
DA:11,4
DA:13,4
DA:14,4
DA:23,4
DA:25,4
DA:27,4
LF:13
LH:13
BRF:0
BRH:0
end_of_record
TN:
SF:routes/auth.router.ts
FN:8,(anonymous_0)
FN:14,(anonymous_1)
FN:24,(anonymous_2)
FN:25,(anonymous_3)
FNF:4
FNH:2
FNDA:4,(anonymous_0)
FNDA:4,(anonymous_1)
FNDA:0,(anonymous_2)
FNDA:0,(anonymous_3)
DA:1,4
DA:2,4
DA:3,4
DA:4,4
DA:5,4
DA:9,4
DA:10,4
DA:11,4
DA:14,4
DA:15,4
DA:21,4
DA:22,4
DA:24,0
DA:25,4
DA:26,0
DA:27,0
DA:33,4
DA:35,4
DA:37,4
LF:19
LH:16
BRF:0
BRH:0
end_of_record
TN:
SF:routes/space.router.ts
FN:6,(anonymous_0)
FN:10,(anonymous_1)
FNF:2
FNH:2
FNDA:4,(anonymous_0)
FNDA:4,(anonymous_1)
DA:1,4
DA:2,4
DA:3,4
DA:7,4
DA:8,4
DA:10,4
DA:11,4
DA:12,4
DA:13,4
DA:17,4
DA:19,4
DA:21,4
LF:12
LH:12
BRF:0
BRH:0
end_of_record
TN:
SF:routes/user.router.ts
FN:7,(anonymous_0)
FN:12,(anonymous_1)
FNF:2
FNH:2
FNDA:4,(anonymous_0)
FNDA:4,(anonymous_1)
DA:1,4
DA:2,4
DA:3,4
DA:4,4
DA:8,4
DA:9,4
DA:10,4
DA:12,4
DA:13,4
DA:14,4
DA:18,4
DA:20,4
DA:22,4
LF:13
LH:13
BRF:0
BRH:0
end_of_record
TN:
SF:types/enums.ts
FN:1,(anonymous_0)
FN:52,(anonymous_1)
FN:57,(anonymous_2)
FN:63,(anonymous_3)
FN:70,(anonymous_4)
FN:79,(anonymous_5)
FN:85,(anonymous_6)
FN:95,(anonymous_7)
FN:101,(anonymous_8)
FN:107,(anonymous_9)
FNF:10
FNH:10
FNDA:4,(anonymous_0)
FNDA:4,(anonymous_1)
FNDA:4,(anonymous_2)
FNDA:4,(anonymous_3)
FNDA:4,(anonymous_4)
FNDA:4,(anonymous_5)
FNDA:4,(anonymous_6)
FNDA:4,(anonymous_7)
FNDA:4,(anonymous_8)
FNDA:4,(anonymous_9)
DA:1,4
DA:2,4
DA:3,4
DA:4,4
DA:5,4
DA:6,4
DA:7,4
DA:8,4
DA:9,4
DA:10,4
DA:11,4
DA:12,4
DA:13,4
DA:14,4
DA:15,4
DA:16,4
DA:17,4
DA:18,4
DA:19,4
DA:20,4
DA:21,4
DA:22,4
DA:23,4
DA:24,4
DA:25,4
DA:26,4
DA:27,4
DA:28,4
DA:29,4
DA:30,4
DA:31,4
DA:32,4
DA:33,4
DA:34,4
DA:35,4
DA:36,4
DA:37,4
DA:38,4
DA:39,4
DA:40,4
DA:41,4
DA:42,4
DA:43,4
DA:44,4
DA:45,4
DA:46,4
DA:47,4
DA:48,4
DA:49,4
DA:52,4
DA:53,4
DA:54,4
DA:57,4
DA:58,4
DA:59,4
DA:63,4
DA:64,4
DA:65,4
DA:66,4
DA:67,4
DA:70,4
DA:71,4
DA:72,4
DA:73,4
DA:74,4
DA:75,4
DA:76,4
DA:79,4
DA:80,4
DA:81,4
DA:82,4
DA:85,4
DA:86,4
DA:87,4
DA:88,4
DA:89,4
DA:90,4
DA:91,4
DA:92,4
DA:95,4
DA:96,4
DA:97,4
DA:98,4
DA:101,4
DA:102,4
DA:103,4
DA:104,4
DA:107,4
DA:108,4
DA:109,4
LF:90
LH:90
BRDA:1,0,0,4
BRDA:1,0,1,4
BRDA:52,1,0,4
BRDA:52,1,1,4
BRDA:57,2,0,4
BRDA:57,2,1,4
BRDA:63,3,0,4
BRDA:63,3,1,4
BRDA:70,4,0,4
BRDA:70,4,1,4
BRDA:79,5,0,4
BRDA:79,5,1,4
BRDA:85,6,0,4
BRDA:85,6,1,4
BRDA:95,7,0,4
BRDA:95,7,1,4
BRDA:101,8,0,4
BRDA:101,8,1,4
BRDA:107,9,0,4
BRDA:107,9,1,4
BRF:20
BRH:20
end_of_record
TN:
SF:utils/AppError.ts
FN:6,(anonymous_0)
FNF:1
FNH:1
FNDA:1,(anonymous_0)
DA:1,4
DA:7,1
DA:8,1
DA:9,1
DA:10,1
DA:12,1
LF:6
LH:6
BRDA:9,0,0,1
BRDA:9,0,1,0
BRF:2
BRH:1
end_of_record
TN:
SF:utils/Singleton.ts
FN:4,(anonymous_0)
FN:14,(anonymous_1)
FNF:2
FNH:2
FNDA:60,(anonymous_0)
FNDA:60,(anonymous_1)
DA:1,4
DA:5,60
DA:6,56
DA:9,60
DA:13,4
DA:14,4
DA:15,60
LF:7
LH:7
BRDA:5,0,0,56
BRDA:5,0,1,4
BRF:2
BRH:2
end_of_record
TN:
SF:utils/UtilFunctions.ts
FN:6,(anonymous_0)
FN:7,(anonymous_1)
FN:32,(anonymous_2)
FN:34,(anonymous_3)
FN:36,(anonymous_4)
FN:41,(anonymous_5)
FN:47,(anonymous_6)
FN:49,(anonymous_7)
FN:54,(anonymous_8)
FN:60,(anonymous_9)
FN:62,(anonymous_10)
FN:67,(anonymous_11)
FN:73,(anonymous_12)
FN:75,(anonymous_13)
FN:80,(anonymous_14)
FN:88,(anonymous_15)
FN:89,(anonymous_16)
FN:94,(anonymous_17)
FN:104,(anonymous_18)
FN:108,(anonymous_19)
FNF:20
FNH:5
FNDA:3,(anonymous_0)
FNDA:3,(anonymous_1)
FNDA:0,(anonymous_2)
FNDA:0,(anonymous_3)
FNDA:0,(anonymous_4)
FNDA:0,(anonymous_5)
FNDA:0,(anonymous_6)
FNDA:0,(anonymous_7)
FNDA:0,(anonymous_8)
FNDA:0,(anonymous_9)
FNDA:0,(anonymous_10)
FNDA:0,(anonymous_11)
FNDA:0,(anonymous_12)
FNDA:0,(anonymous_13)
FNDA:0,(anonymous_14)
FNDA:44,(anonymous_15)
FNDA:4,(anonymous_16)
FNDA:4,(anonymous_17)
FNDA:0,(anonymous_18)
FNDA:0,(anonymous_19)
DA:2,4
DA:6,4
DA:7,3
DA:8,3
DA:9,0
DA:13,3
DA:14,0
DA:18,3
DA:19,3
DA:25,0
DA:32,4
DA:33,0
DA:35,0
DA:36,0
DA:37,0
DA:38,0
DA:39,0
DA:41,0
DA:42,0
DA:43,0
DA:48,0
DA:49,0
DA:50,0
DA:51,0
DA:52,0
DA:54,0
DA:55,0
DA:56,0
DA:61,0
DA:62,0
DA:63,0
DA:64,0
DA:65,0
DA:67,0
DA:68,0
DA:69,0
DA:74,0
DA:75,0
DA:76,0
DA:77,0
DA:78,0
DA:80,0
DA:81,0
DA:82,0
DA:88,4
DA:89,44
DA:90,4
DA:94,4
DA:95,4
DA:96,4
DA:97,4
DA:99,4
DA:104,4
DA:105,0
DA:108,4
DA:109,0
DA:110,0
DA:111,0
DA:112,0
DA:113,0
DA:114,0
DA:115,0
DA:116,0
DA:118,0
DA:124,4
LF:65
LH:19
BRDA:8,0,0,0
BRDA:8,0,1,3
BRDA:8,1,0,3
BRDA:8,1,1,0
BRDA:13,2,0,0
BRDA:13,2,1,3
BRDA:13,3,0,3
BRDA:13,3,1,3
BRDA:18,4,0,3
BRDA:18,4,1,0
BRDA:18,5,0,3
BRDA:18,5,1,3
BRDA:37,6,0,0
BRDA:37,6,1,0
BRDA:50,7,0,0
BRDA:50,7,1,0
BRDA:63,8,0,0
BRDA:63,8,1,0
BRDA:76,9,0,0
BRDA:76,9,1,0
BRDA:99,10,0,4
BRDA:99,10,1,0
BRDA:105,11,0,0
BRDA:105,11,1,0
BRF:24
BRH:9
end_of_record
